#
# There is insufficient memory for the Java Runtime Environment to continue.
# Native memory allocation (malloc) failed to allocate 32744 bytes for ChunkPool::allocate
# Possible reasons:
#   The system is out of physical RAM or swap space
#   The process is running with CompressedOops enabled, and the Java Heap may be blocking the growth of the native heap
# Possible solutions:
#   Reduce memory load on the system
#   Increase physical memory or swap space
#   Check if swap backing store is full
#   Decrease Java heap size (-Xmx/-Xms)
#   Decrease number of Java threads
#   Decrease Java thread stack sizes (-Xss)
#   Set larger code cache with -XX:ReservedCodeCacheSize=
#   JVM is running with Unscaled Compressed Oops mode in which the Java heap is
#     placed in the first 4GB address space. The Java Heap base address is the
#     maximum limit for the native heap growth. Please use -XX:HeapBaseMinAddress
#     to set the Java Heap base and to place the Java Heap above 4GB virtual address.
# This output file may be truncated or incomplete.
#
#  Out of Memory Error (arena.cpp:78), pid=11244, tid=13032
#
# JRE version: Java(TM) SE Runtime Environment (17.0.8+9) (build 17.0.8+9-LTS-211)
# Java VM: Java HotSpot(TM) 64-Bit Server VM (17.0.8+9-LTS-211, mixed mode, sharing, tiered, compressed oops, compressed class ptrs, g1 gc, windows-amd64)
# No core dump will be written. Minidumps are not enabled by default on client versions of Windows
#

---------------  S U M M A R Y ------------

Command Line: -Dfile.encoding=windows-1252 -Duser.country=IN -Duser.language=en -Duser.variant in.learnjavaskills.sqsmessaging.SqsmessagingApplication

Host: Intel(R) Core(TM) i3-7100U CPU @ 2.40GHz, 4 cores, 7G,  Windows 10 , 64 bit Build 19041 (10.0.19041.3636)
Time: Wed Feb 21 17:03:14 2024 India Standard Time elapsed time: 0.736485 seconds (0d 0h 0m 0s)

---------------  T H R E A D  ---------------

Current thread (0x0000020bca7ea620):  JavaThread "C1 CompilerThread0" daemon [_thread_in_native, id=13032, stack(0x000000d185400000,0x000000d185500000)]


Current CompileTask:
C1:    736  629   !   3       java.util.concurrent.ConcurrentHashMap::computeIfAbsent (576 bytes)

Stack: [0x000000d185400000,0x000000d185500000]
Native frames: (J=compiled Java code, j=interpreted, Vv=VM code, C=native code)
V  [jvm.dll+0x677d0a]
V  [jvm.dll+0x7d8c54]
V  [jvm.dll+0x7da3fe]
V  [jvm.dll+0x7daa63]
V  [jvm.dll+0x245c5f]
V  [jvm.dll+0xaacc0]
V  [jvm.dll+0xab00c]
V  [jvm.dll+0x174c8a]
V  [jvm.dll+0x17afc3]
V  [jvm.dll+0x17dc3e]
V  [jvm.dll+0x17e247]
V  [jvm.dll+0x17e0d0]
V  [jvm.dll+0x1764e5]
V  [jvm.dll+0x17545e]
V  [jvm.dll+0x17ed3b]
V  [jvm.dll+0x1766b8]
V  [jvm.dll+0x179def]
V  [jvm.dll+0x134d83]
V  [jvm.dll+0x13468f]
V  [jvm.dll+0x1348c8]
V  [jvm.dll+0x133d61]
V  [jvm.dll+0x135a0d]
V  [jvm.dll+0x2270be]
V  [jvm.dll+0x22535b]
V  [jvm.dll+0x78e7bc]
V  [jvm.dll+0x788bba]
V  [jvm.dll+0x676b35]
C  [ucrtbase.dll+0x21bb2]
C  [KERNEL32.DLL+0x17344]
C  [ntdll.dll+0x526b1]


---------------  P R O C E S S  ---------------

Threads class SMR info:
_java_thread_list=0x0000020c1053ea50, length=13, elements={
0x0000020baae9c3c0, 0x0000020bca7cbd00, 0x0000020bca7cc880, 0x0000020bca7e0990,
0x0000020bca7e2260, 0x0000020bca7e32c0, 0x0000020bca7e3b80, 0x0000020bca7e4fc0,
0x0000020bca7ea620, 0x0000020bca7ede70, 0x0000020bcaa263d0, 0x0000020bcaa326f0,
0x0000020bcac20e50
}

Java Threads: ( => current thread )
  0x0000020baae9c3c0 JavaThread "main" [_thread_in_vm, id=14792, stack(0x000000d184600000,0x000000d184700000)]
  0x0000020bca7cbd00 JavaThread "Reference Handler" daemon [_thread_blocked, id=9296, stack(0x000000d184d00000,0x000000d184e00000)]
  0x0000020bca7cc880 JavaThread "Finalizer" daemon [_thread_blocked, id=12468, stack(0x000000d184e00000,0x000000d184f00000)]
  0x0000020bca7e0990 JavaThread "Signal Dispatcher" daemon [_thread_blocked, id=11000, stack(0x000000d184f00000,0x000000d185000000)]
  0x0000020bca7e2260 JavaThread "Attach Listener" daemon [_thread_blocked, id=852, stack(0x000000d185000000,0x000000d185100000)]
  0x0000020bca7e32c0 JavaThread "Service Thread" daemon [_thread_blocked, id=4672, stack(0x000000d185100000,0x000000d185200000)]
  0x0000020bca7e3b80 JavaThread "Monitor Deflation Thread" daemon [_thread_blocked, id=2456, stack(0x000000d185200000,0x000000d185300000)]
  0x0000020bca7e4fc0 JavaThread "C2 CompilerThread0" daemon [_thread_in_native, id=1920, stack(0x000000d185300000,0x000000d185400000)]
=>0x0000020bca7ea620 JavaThread "C1 CompilerThread0" daemon [_thread_in_native, id=13032, stack(0x000000d185400000,0x000000d185500000)]
  0x0000020bca7ede70 JavaThread "Sweeper thread" daemon [_thread_blocked, id=14556, stack(0x000000d185500000,0x000000d185600000)]
  0x0000020bcaa263d0 JavaThread "Notification Thread" daemon [_thread_blocked, id=9964, stack(0x000000d185600000,0x000000d185700000)]
  0x0000020bcaa326f0 JavaThread "Common-Cleaner" daemon [_thread_blocked, id=8932, stack(0x000000d185800000,0x000000d185900000)]
  0x0000020bcac20e50 JavaThread "C2 CompilerThread1" daemon [_thread_in_native, id=6496, stack(0x000000d185900000,0x000000d185a00000)]

Other Threads:
  0x0000020bca7c5e90 VMThread "VM Thread" [stack: 0x000000d184c00000,0x000000d184d00000] [id=8080]
  0x0000020bcaa2c8c0 WatcherThread [stack: 0x000000d185700000,0x000000d185800000] [id=12920]
  0x0000020bacf940e0 GCTaskThread "GC Thread#0" [stack: 0x000000d184700000,0x000000d184800000] [id=6252]
  0x0000020bacfa5bc0 ConcurrentGCThread "G1 Main Marker" [stack: 0x000000d184800000,0x000000d184900000] [id=4968]
  0x0000020bacfa73f0 ConcurrentGCThread "G1 Conc#0" [stack: 0x000000d184900000,0x000000d184a00000] [id=1496]
  0x0000020bacffc6f0 ConcurrentGCThread "G1 Refine#0" [stack: 0x000000d184a00000,0x000000d184b00000] [id=7120]
  0x0000020bacffcf20 ConcurrentGCThread "G1 Service" [stack: 0x000000d184b00000,0x000000d184c00000] [id=11412]

Threads with active compile tasks:
C2 CompilerThread0      882  594  s!   4       jdk.internal.loader.URLClassPath::getLoader (194 bytes)
C1 CompilerThread0      882  629   !   3       java.util.concurrent.ConcurrentHashMap::computeIfAbsent (576 bytes)
C2 CompilerThread1      882  596       4       java.util.jar.JarFile::getEntry (35 bytes)

VM state: not at safepoint (normal execution)

VM Mutex/Monitor currently owned by a thread:  ([mutex/lock_event])
[0x0000020bacf39580] Metaspace_lock - owner thread: 0x0000020baae9c3c0
[0x0000020bacf3b700] MultiArray_lock - owner thread: 0x0000020baae9c3c0

Heap address: 0x0000000081400000, size: 2028 MB, Compressed Oops mode: 32-bit

CDS archive(s) mapped at: [0x0000020bcb000000-0x0000020bcbbd0000-0x0000020bcbbd0000), size 12386304, SharedBaseAddress: 0x0000020bcb000000, ArchiveRelocationMode: 1.
Compressed class space mapped at: 0x0000020bcc000000-0x0000020c0c000000, reserved size: 1073741824
Narrow klass base: 0x0000020bcb000000, Narrow klass shift: 0, Narrow klass range: 0x100000000

GC Precious Log:
 CPUs: 4 total, 4 available
 Memory: 8107M
 Large Page Support: Disabled
 NUMA Support: Disabled
 Compressed Oops: Enabled (32-bit)
 Heap Region Size: 1M
 Heap Min Capacity: 8M
 Heap Initial Capacity: 128M
 Heap Max Capacity: 2028M
 Pre-touch: Disabled
 Parallel Workers: 4
 Concurrent Workers: 1
 Concurrent Refinement Workers: 4
 Periodic GC: Disabled

Heap:
 garbage-first heap   total 131072K, used 9216K [0x0000000081400000, 0x0000000100000000)
  region size 1024K, 10 young (10240K), 0 survivors (0K)
 Metaspace       used 2361K, committed 2496K, reserved 1114112K
  class space    used 230K, committed 320K, reserved 1048576K

Heap Regions: E=young(eden), S=young(survivor), O=old, HS=humongous(starts), HC=humongous(continues), CS=collection set, F=free, OA=open archive, CA=closed archive, TAMS=top-at-mark-start (previous, next)
|   0|0x0000000081400000, 0x0000000081400000, 0x0000000081500000|  0%| F|  |TAMS 0x0000000081400000, 0x0000000081400000| Untracked 
|   1|0x0000000081500000, 0x0000000081500000, 0x0000000081600000|  0%| F|  |TAMS 0x0000000081500000, 0x0000000081500000| Untracked 
|   2|0x0000000081600000, 0x0000000081600000, 0x0000000081700000|  0%| F|  |TAMS 0x0000000081600000, 0x0000000081600000| Untracked 
|   3|0x0000000081700000, 0x0000000081700000, 0x0000000081800000|  0%| F|  |TAMS 0x0000000081700000, 0x0000000081700000| Untracked 
|   4|0x0000000081800000, 0x0000000081800000, 0x0000000081900000|  0%| F|  |TAMS 0x0000000081800000, 0x0000000081800000| Untracked 
|   5|0x0000000081900000, 0x0000000081900000, 0x0000000081a00000|  0%| F|  |TAMS 0x0000000081900000, 0x0000000081900000| Untracked 
|   6|0x0000000081a00000, 0x0000000081a00000, 0x0000000081b00000|  0%| F|  |TAMS 0x0000000081a00000, 0x0000000081a00000| Untracked 
|   7|0x0000000081b00000, 0x0000000081b00000, 0x0000000081c00000|  0%| F|  |TAMS 0x0000000081b00000, 0x0000000081b00000| Untracked 
|   8|0x0000000081c00000, 0x0000000081c00000, 0x0000000081d00000|  0%| F|  |TAMS 0x0000000081c00000, 0x0000000081c00000| Untracked 
|   9|0x0000000081d00000, 0x0000000081d00000, 0x0000000081e00000|  0%| F|  |TAMS 0x0000000081d00000, 0x0000000081d00000| Untracked 
|  10|0x0000000081e00000, 0x0000000081e00000, 0x0000000081f00000|  0%| F|  |TAMS 0x0000000081e00000, 0x0000000081e00000| Untracked 
|  11|0x0000000081f00000, 0x0000000081f00000, 0x0000000082000000|  0%| F|  |TAMS 0x0000000081f00000, 0x0000000081f00000| Untracked 
|  12|0x0000000082000000, 0x0000000082000000, 0x0000000082100000|  0%| F|  |TAMS 0x0000000082000000, 0x0000000082000000| Untracked 
|  13|0x0000000082100000, 0x0000000082100000, 0x0000000082200000|  0%| F|  |TAMS 0x0000000082100000, 0x0000000082100000| Untracked 
|  14|0x0000000082200000, 0x0000000082200000, 0x0000000082300000|  0%| F|  |TAMS 0x0000000082200000, 0x0000000082200000| Untracked 
|  15|0x0000000082300000, 0x0000000082300000, 0x0000000082400000|  0%| F|  |TAMS 0x0000000082300000, 0x0000000082300000| Untracked 
|  16|0x0000000082400000, 0x0000000082400000, 0x0000000082500000|  0%| F|  |TAMS 0x0000000082400000, 0x0000000082400000| Untracked 
|  17|0x0000000082500000, 0x0000000082500000, 0x0000000082600000|  0%| F|  |TAMS 0x0000000082500000, 0x0000000082500000| Untracked 
|  18|0x0000000082600000, 0x0000000082600000, 0x0000000082700000|  0%| F|  |TAMS 0x0000000082600000, 0x0000000082600000| Untracked 
|  19|0x0000000082700000, 0x0000000082700000, 0x0000000082800000|  0%| F|  |TAMS 0x0000000082700000, 0x0000000082700000| Untracked 
|  20|0x0000000082800000, 0x0000000082800000, 0x0000000082900000|  0%| F|  |TAMS 0x0000000082800000, 0x0000000082800000| Untracked 
|  21|0x0000000082900000, 0x0000000082900000, 0x0000000082a00000|  0%| F|  |TAMS 0x0000000082900000, 0x0000000082900000| Untracked 
|  22|0x0000000082a00000, 0x0000000082a00000, 0x0000000082b00000|  0%| F|  |TAMS 0x0000000082a00000, 0x0000000082a00000| Untracked 
|  23|0x0000000082b00000, 0x0000000082b00000, 0x0000000082c00000|  0%| F|  |TAMS 0x0000000082b00000, 0x0000000082b00000| Untracked 
|  24|0x0000000082c00000, 0x0000000082c00000, 0x0000000082d00000|  0%| F|  |TAMS 0x0000000082c00000, 0x0000000082c00000| Untracked 
|  25|0x0000000082d00000, 0x0000000082d00000, 0x0000000082e00000|  0%| F|  |TAMS 0x0000000082d00000, 0x0000000082d00000| Untracked 
|  26|0x0000000082e00000, 0x0000000082e00000, 0x0000000082f00000|  0%| F|  |TAMS 0x0000000082e00000, 0x0000000082e00000| Untracked 
|  27|0x0000000082f00000, 0x0000000082f00000, 0x0000000083000000|  0%| F|  |TAMS 0x0000000082f00000, 0x0000000082f00000| Untracked 
|  28|0x0000000083000000, 0x0000000083000000, 0x0000000083100000|  0%| F|  |TAMS 0x0000000083000000, 0x0000000083000000| Untracked 
|  29|0x0000000083100000, 0x0000000083100000, 0x0000000083200000|  0%| F|  |TAMS 0x0000000083100000, 0x0000000083100000| Untracked 
|  30|0x0000000083200000, 0x0000000083200000, 0x0000000083300000|  0%| F|  |TAMS 0x0000000083200000, 0x0000000083200000| Untracked 
|  31|0x0000000083300000, 0x0000000083300000, 0x0000000083400000|  0%| F|  |TAMS 0x0000000083300000, 0x0000000083300000| Untracked 
|  32|0x0000000083400000, 0x0000000083400000, 0x0000000083500000|  0%| F|  |TAMS 0x0000000083400000, 0x0000000083400000| Untracked 
|  33|0x0000000083500000, 0x0000000083500000, 0x0000000083600000|  0%| F|  |TAMS 0x0000000083500000, 0x0000000083500000| Untracked 
|  34|0x0000000083600000, 0x0000000083600000, 0x0000000083700000|  0%| F|  |TAMS 0x0000000083600000, 0x0000000083600000| Untracked 
|  35|0x0000000083700000, 0x0000000083700000, 0x0000000083800000|  0%| F|  |TAMS 0x0000000083700000, 0x0000000083700000| Untracked 
|  36|0x0000000083800000, 0x0000000083800000, 0x0000000083900000|  0%| F|  |TAMS 0x0000000083800000, 0x0000000083800000| Untracked 
|  37|0x0000000083900000, 0x0000000083900000, 0x0000000083a00000|  0%| F|  |TAMS 0x0000000083900000, 0x0000000083900000| Untracked 
|  38|0x0000000083a00000, 0x0000000083a00000, 0x0000000083b00000|  0%| F|  |TAMS 0x0000000083a00000, 0x0000000083a00000| Untracked 
|  39|0x0000000083b00000, 0x0000000083b00000, 0x0000000083c00000|  0%| F|  |TAMS 0x0000000083b00000, 0x0000000083b00000| Untracked 
|  40|0x0000000083c00000, 0x0000000083c00000, 0x0000000083d00000|  0%| F|  |TAMS 0x0000000083c00000, 0x0000000083c00000| Untracked 
|  41|0x0000000083d00000, 0x0000000083d00000, 0x0000000083e00000|  0%| F|  |TAMS 0x0000000083d00000, 0x0000000083d00000| Untracked 
|  42|0x0000000083e00000, 0x0000000083e00000, 0x0000000083f00000|  0%| F|  |TAMS 0x0000000083e00000, 0x0000000083e00000| Untracked 
|  43|0x0000000083f00000, 0x0000000083f00000, 0x0000000084000000|  0%| F|  |TAMS 0x0000000083f00000, 0x0000000083f00000| Untracked 
|  44|0x0000000084000000, 0x0000000084000000, 0x0000000084100000|  0%| F|  |TAMS 0x0000000084000000, 0x0000000084000000| Untracked 
|  45|0x0000000084100000, 0x0000000084100000, 0x0000000084200000|  0%| F|  |TAMS 0x0000000084100000, 0x0000000084100000| Untracked 
|  46|0x0000000084200000, 0x0000000084200000, 0x0000000084300000|  0%| F|  |TAMS 0x0000000084200000, 0x0000000084200000| Untracked 
|  47|0x0000000084300000, 0x0000000084300000, 0x0000000084400000|  0%| F|  |TAMS 0x0000000084300000, 0x0000000084300000| Untracked 
|  48|0x0000000084400000, 0x0000000084400000, 0x0000000084500000|  0%| F|  |TAMS 0x0000000084400000, 0x0000000084400000| Untracked 
|  49|0x0000000084500000, 0x0000000084500000, 0x0000000084600000|  0%| F|  |TAMS 0x0000000084500000, 0x0000000084500000| Untracked 
|  50|0x0000000084600000, 0x0000000084600000, 0x0000000084700000|  0%| F|  |TAMS 0x0000000084600000, 0x0000000084600000| Untracked 
|  51|0x0000000084700000, 0x0000000084700000, 0x0000000084800000|  0%| F|  |TAMS 0x0000000084700000, 0x0000000084700000| Untracked 
|  52|0x0000000084800000, 0x0000000084800000, 0x0000000084900000|  0%| F|  |TAMS 0x0000000084800000, 0x0000000084800000| Untracked 
|  53|0x0000000084900000, 0x0000000084900000, 0x0000000084a00000|  0%| F|  |TAMS 0x0000000084900000, 0x0000000084900000| Untracked 
|  54|0x0000000084a00000, 0x0000000084a00000, 0x0000000084b00000|  0%| F|  |TAMS 0x0000000084a00000, 0x0000000084a00000| Untracked 
|  55|0x0000000084b00000, 0x0000000084b00000, 0x0000000084c00000|  0%| F|  |TAMS 0x0000000084b00000, 0x0000000084b00000| Untracked 
|  56|0x0000000084c00000, 0x0000000084c00000, 0x0000000084d00000|  0%| F|  |TAMS 0x0000000084c00000, 0x0000000084c00000| Untracked 
|  57|0x0000000084d00000, 0x0000000084d00000, 0x0000000084e00000|  0%| F|  |TAMS 0x0000000084d00000, 0x0000000084d00000| Untracked 
|  58|0x0000000084e00000, 0x0000000084e00000, 0x0000000084f00000|  0%| F|  |TAMS 0x0000000084e00000, 0x0000000084e00000| Untracked 
|  59|0x0000000084f00000, 0x0000000084f00000, 0x0000000085000000|  0%| F|  |TAMS 0x0000000084f00000, 0x0000000084f00000| Untracked 
|  60|0x0000000085000000, 0x0000000085000000, 0x0000000085100000|  0%| F|  |TAMS 0x0000000085000000, 0x0000000085000000| Untracked 
|  61|0x0000000085100000, 0x0000000085100000, 0x0000000085200000|  0%| F|  |TAMS 0x0000000085100000, 0x0000000085100000| Untracked 
|  62|0x0000000085200000, 0x0000000085200000, 0x0000000085300000|  0%| F|  |TAMS 0x0000000085200000, 0x0000000085200000| Untracked 
|  63|0x0000000085300000, 0x0000000085300000, 0x0000000085400000|  0%| F|  |TAMS 0x0000000085300000, 0x0000000085300000| Untracked 
|  64|0x0000000085400000, 0x0000000085400000, 0x0000000085500000|  0%| F|  |TAMS 0x0000000085400000, 0x0000000085400000| Untracked 
|  65|0x0000000085500000, 0x0000000085500000, 0x0000000085600000|  0%| F|  |TAMS 0x0000000085500000, 0x0000000085500000| Untracked 
|  66|0x0000000085600000, 0x0000000085600000, 0x0000000085700000|  0%| F|  |TAMS 0x0000000085600000, 0x0000000085600000| Untracked 
|  67|0x0000000085700000, 0x0000000085700000, 0x0000000085800000|  0%| F|  |TAMS 0x0000000085700000, 0x0000000085700000| Untracked 
|  68|0x0000000085800000, 0x0000000085800000, 0x0000000085900000|  0%| F|  |TAMS 0x0000000085800000, 0x0000000085800000| Untracked 
|  69|0x0000000085900000, 0x0000000085900000, 0x0000000085a00000|  0%| F|  |TAMS 0x0000000085900000, 0x0000000085900000| Untracked 
|  70|0x0000000085a00000, 0x0000000085a00000, 0x0000000085b00000|  0%| F|  |TAMS 0x0000000085a00000, 0x0000000085a00000| Untracked 
|  71|0x0000000085b00000, 0x0000000085b00000, 0x0000000085c00000|  0%| F|  |TAMS 0x0000000085b00000, 0x0000000085b00000| Untracked 
|  72|0x0000000085c00000, 0x0000000085c00000, 0x0000000085d00000|  0%| F|  |TAMS 0x0000000085c00000, 0x0000000085c00000| Untracked 
|  73|0x0000000085d00000, 0x0000000085d00000, 0x0000000085e00000|  0%| F|  |TAMS 0x0000000085d00000, 0x0000000085d00000| Untracked 
|  74|0x0000000085e00000, 0x0000000085e00000, 0x0000000085f00000|  0%| F|  |TAMS 0x0000000085e00000, 0x0000000085e00000| Untracked 
|  75|0x0000000085f00000, 0x0000000085f00000, 0x0000000086000000|  0%| F|  |TAMS 0x0000000085f00000, 0x0000000085f00000| Untracked 
|  76|0x0000000086000000, 0x0000000086000000, 0x0000000086100000|  0%| F|  |TAMS 0x0000000086000000, 0x0000000086000000| Untracked 
|  77|0x0000000086100000, 0x0000000086100000, 0x0000000086200000|  0%| F|  |TAMS 0x0000000086100000, 0x0000000086100000| Untracked 
|  78|0x0000000086200000, 0x0000000086200000, 0x0000000086300000|  0%| F|  |TAMS 0x0000000086200000, 0x0000000086200000| Untracked 
|  79|0x0000000086300000, 0x0000000086300000, 0x0000000086400000|  0%| F|  |TAMS 0x0000000086300000, 0x0000000086300000| Untracked 
|  80|0x0000000086400000, 0x0000000086400000, 0x0000000086500000|  0%| F|  |TAMS 0x0000000086400000, 0x0000000086400000| Untracked 
|  81|0x0000000086500000, 0x0000000086500000, 0x0000000086600000|  0%| F|  |TAMS 0x0000000086500000, 0x0000000086500000| Untracked 
|  82|0x0000000086600000, 0x0000000086600000, 0x0000000086700000|  0%| F|  |TAMS 0x0000000086600000, 0x0000000086600000| Untracked 
|  83|0x0000000086700000, 0x0000000086700000, 0x0000000086800000|  0%| F|  |TAMS 0x0000000086700000, 0x0000000086700000| Untracked 
|  84|0x0000000086800000, 0x0000000086800000, 0x0000000086900000|  0%| F|  |TAMS 0x0000000086800000, 0x0000000086800000| Untracked 
|  85|0x0000000086900000, 0x0000000086900000, 0x0000000086a00000|  0%| F|  |TAMS 0x0000000086900000, 0x0000000086900000| Untracked 
|  86|0x0000000086a00000, 0x0000000086a00000, 0x0000000086b00000|  0%| F|  |TAMS 0x0000000086a00000, 0x0000000086a00000| Untracked 
|  87|0x0000000086b00000, 0x0000000086b00000, 0x0000000086c00000|  0%| F|  |TAMS 0x0000000086b00000, 0x0000000086b00000| Untracked 
|  88|0x0000000086c00000, 0x0000000086c00000, 0x0000000086d00000|  0%| F|  |TAMS 0x0000000086c00000, 0x0000000086c00000| Untracked 
|  89|0x0000000086d00000, 0x0000000086d00000, 0x0000000086e00000|  0%| F|  |TAMS 0x0000000086d00000, 0x0000000086d00000| Untracked 
|  90|0x0000000086e00000, 0x0000000086e00000, 0x0000000086f00000|  0%| F|  |TAMS 0x0000000086e00000, 0x0000000086e00000| Untracked 
|  91|0x0000000086f00000, 0x0000000086f00000, 0x0000000087000000|  0%| F|  |TAMS 0x0000000086f00000, 0x0000000086f00000| Untracked 
|  92|0x0000000087000000, 0x0000000087000000, 0x0000000087100000|  0%| F|  |TAMS 0x0000000087000000, 0x0000000087000000| Untracked 
|  93|0x0000000087100000, 0x0000000087100000, 0x0000000087200000|  0%| F|  |TAMS 0x0000000087100000, 0x0000000087100000| Untracked 
|  94|0x0000000087200000, 0x0000000087200000, 0x0000000087300000|  0%| F|  |TAMS 0x0000000087200000, 0x0000000087200000| Untracked 
|  95|0x0000000087300000, 0x0000000087300000, 0x0000000087400000|  0%| F|  |TAMS 0x0000000087300000, 0x0000000087300000| Untracked 
|  96|0x0000000087400000, 0x0000000087400000, 0x0000000087500000|  0%| F|  |TAMS 0x0000000087400000, 0x0000000087400000| Untracked 
|  97|0x0000000087500000, 0x0000000087500000, 0x0000000087600000|  0%| F|  |TAMS 0x0000000087500000, 0x0000000087500000| Untracked 
|  98|0x0000000087600000, 0x0000000087600000, 0x0000000087700000|  0%| F|  |TAMS 0x0000000087600000, 0x0000000087600000| Untracked 
|  99|0x0000000087700000, 0x0000000087700000, 0x0000000087800000|  0%| F|  |TAMS 0x0000000087700000, 0x0000000087700000| Untracked 
| 100|0x0000000087800000, 0x0000000087800000, 0x0000000087900000|  0%| F|  |TAMS 0x0000000087800000, 0x0000000087800000| Untracked 
| 101|0x0000000087900000, 0x0000000087900000, 0x0000000087a00000|  0%| F|  |TAMS 0x0000000087900000, 0x0000000087900000| Untracked 
| 102|0x0000000087a00000, 0x0000000087a00000, 0x0000000087b00000|  0%| F|  |TAMS 0x0000000087a00000, 0x0000000087a00000| Untracked 
| 103|0x0000000087b00000, 0x0000000087b00000, 0x0000000087c00000|  0%| F|  |TAMS 0x0000000087b00000, 0x0000000087b00000| Untracked 
| 104|0x0000000087c00000, 0x0000000087c00000, 0x0000000087d00000|  0%| F|  |TAMS 0x0000000087c00000, 0x0000000087c00000| Untracked 
| 105|0x0000000087d00000, 0x0000000087d00000, 0x0000000087e00000|  0%| F|  |TAMS 0x0000000087d00000, 0x0000000087d00000| Untracked 
| 106|0x0000000087e00000, 0x0000000087e00000, 0x0000000087f00000|  0%| F|  |TAMS 0x0000000087e00000, 0x0000000087e00000| Untracked 
| 107|0x0000000087f00000, 0x0000000087f00000, 0x0000000088000000|  0%| F|  |TAMS 0x0000000087f00000, 0x0000000087f00000| Untracked 
| 108|0x0000000088000000, 0x0000000088000000, 0x0000000088100000|  0%| F|  |TAMS 0x0000000088000000, 0x0000000088000000| Untracked 
| 109|0x0000000088100000, 0x0000000088100000, 0x0000000088200000|  0%| F|  |TAMS 0x0000000088100000, 0x0000000088100000| Untracked 
| 110|0x0000000088200000, 0x0000000088200000, 0x0000000088300000|  0%| F|  |TAMS 0x0000000088200000, 0x0000000088200000| Untracked 
| 111|0x0000000088300000, 0x0000000088300000, 0x0000000088400000|  0%| F|  |TAMS 0x0000000088300000, 0x0000000088300000| Untracked 
| 112|0x0000000088400000, 0x0000000088400000, 0x0000000088500000|  0%| F|  |TAMS 0x0000000088400000, 0x0000000088400000| Untracked 
| 113|0x0000000088500000, 0x0000000088500000, 0x0000000088600000|  0%| F|  |TAMS 0x0000000088500000, 0x0000000088500000| Untracked 
| 114|0x0000000088600000, 0x0000000088600000, 0x0000000088700000|  0%| F|  |TAMS 0x0000000088600000, 0x0000000088600000| Untracked 
| 115|0x0000000088700000, 0x0000000088700000, 0x0000000088800000|  0%| F|  |TAMS 0x0000000088700000, 0x0000000088700000| Untracked 
| 116|0x0000000088800000, 0x0000000088800000, 0x0000000088900000|  0%| F|  |TAMS 0x0000000088800000, 0x0000000088800000| Untracked 
| 117|0x0000000088900000, 0x0000000088900000, 0x0000000088a00000|  0%| F|  |TAMS 0x0000000088900000, 0x0000000088900000| Untracked 
| 118|0x0000000088a00000, 0x0000000088b00000, 0x0000000088b00000|100%| E|  |TAMS 0x0000000088a00000, 0x0000000088a00000| Complete 
| 119|0x0000000088b00000, 0x0000000088c00000, 0x0000000088c00000|100%| E|CS|TAMS 0x0000000088b00000, 0x0000000088b00000| Complete 
| 120|0x0000000088c00000, 0x0000000088d00000, 0x0000000088d00000|100%| E|CS|TAMS 0x0000000088c00000, 0x0000000088c00000| Complete 
| 121|0x0000000088d00000, 0x0000000088e00000, 0x0000000088e00000|100%| E|CS|TAMS 0x0000000088d00000, 0x0000000088d00000| Complete 
| 122|0x0000000088e00000, 0x0000000088f00000, 0x0000000088f00000|100%| E|CS|TAMS 0x0000000088e00000, 0x0000000088e00000| Complete 
| 123|0x0000000088f00000, 0x0000000089000000, 0x0000000089000000|100%| E|CS|TAMS 0x0000000088f00000, 0x0000000088f00000| Complete 
| 124|0x0000000089000000, 0x0000000089100000, 0x0000000089100000|100%| E|CS|TAMS 0x0000000089000000, 0x0000000089000000| Complete 
| 125|0x0000000089100000, 0x0000000089200000, 0x0000000089200000|100%| E|CS|TAMS 0x0000000089100000, 0x0000000089100000| Complete 
| 126|0x0000000089200000, 0x0000000089300000, 0x0000000089300000|100%| E|CS|TAMS 0x0000000089200000, 0x0000000089200000| Complete 
| 127|0x0000000089300000, 0x0000000089400000, 0x0000000089400000|100%| E|CS|TAMS 0x0000000089300000, 0x0000000089300000| Complete 

Card table byte_map: [0x0000020bc3bd0000,0x0000020bc3fd0000] _byte_map_base: 0x0000020bc37c6000

Marking Bits (Prev, Next): (CMBitMap*) 0x0000020bacf95510, (CMBitMap*) 0x0000020bacf95550
 Prev Bits: [0x0000020bc43d0000, 0x0000020bc6380000)
 Next Bits: [0x0000020bc6380000, 0x0000020bc8330000)

Polling page: 0x0000020baaf20000

Metaspace:

Usage:
  Non-class:      2.08 MB used.
      Class:    230.82 KB used.
       Both:      2.31 MB used.

Virtual space:
  Non-class space:       64.00 MB reserved,       2.12 MB (  3%) committed,  1 nodes.
      Class space:        1.00 GB reserved,     320.00 KB ( <1%) committed,  1 nodes.
             Both:        1.06 GB reserved,       2.44 MB ( <1%) committed. 

Chunk freelists:
   Non-Class:  11.16 MB
       Class:  15.61 MB
        Both:  26.77 MB

MaxMetaspaceSize: unlimited
CompressedClassSpaceSize: 1.00 GB
Initial GC threshold: 21.00 MB
Current GC threshold: 21.00 MB
CDS: on
MetaspaceReclaimPolicy: balanced
 - commit_granule_bytes: 65536.
 - commit_granule_words: 8192.
 - virtual_space_node_default_size: 8388608.
 - enlarge_chunks_in_place: 1.
 - new_chunks_are_fully_committed: 0.
 - uncommit_free_chunks: 1.
 - use_allocation_guard: 0.
 - handle_deallocations: 1.


Internal statistics:

num_allocs_failed_limit: 0.
num_arena_births: 48.
num_arena_deaths: 0.
num_vsnodes_births: 2.
num_vsnodes_deaths: 0.
num_space_committed: 39.
num_space_uncommitted: 0.
num_chunks_returned_to_freelist: 0.
num_chunks_taken_from_freelist: 99.
num_chunk_merges: 0.
num_chunk_splits: 63.
num_chunks_enlarged: 44.
num_purges: 0.
num_inconsistent_stats: 0.

CodeHeap 'non-profiled nmethods': size=120000Kb used=208Kb max_used=208Kb free=119791Kb
 bounds [0x0000020bbc2a0000, 0x0000020bbc510000, 0x0000020bc37d0000]
CodeHeap 'profiled nmethods': size=120000Kb used=1048Kb max_used=1048Kb free=118951Kb
 bounds [0x0000020bb47d0000, 0x0000020bb4a40000, 0x0000020bbbd00000]
CodeHeap 'non-nmethods': size=5760Kb used=1138Kb max_used=1153Kb free=4621Kb
 bounds [0x0000020bbbd00000, 0x0000020bbbf70000, 0x0000020bbc2a0000]
 total_blobs=1045 nmethods=622 adapters=336
 compilation: enabled
              stopped_count=0, restarted_count=0
 full_count=0

Compilation events (20 events):
Event: 0.681 Thread 0x0000020bca7ea620 nmethod 620 0x0000020bb48cfd90 code [0x0000020bb48d00c0, 0x0000020bb48d1538]
Event: 0.681 Thread 0x0000020bca7ea620  618       3       java.util.zip.ZipFile$ZipFileInputStream::<init> (96 bytes)
Event: 0.682 Thread 0x0000020bca7ea620 nmethod 618 0x0000020bb48d1c90 code [0x0000020bb48d1ec0, 0x0000020bb48d2908]
Event: 0.682 Thread 0x0000020bca7ea620  619       3       java.util.jar.JavaUtilJarAccessImpl::entryFor (6 bytes)
Event: 0.683 Thread 0x0000020bca7ea620 nmethod 619 0x0000020bb48d2d90 code [0x0000020bb48d2f60, 0x0000020bb48d3388]
Event: 0.683 Thread 0x0000020bca7ea620  621       3       java.lang.System$2::findBootstrapClassOrNull (5 bytes)
Event: 0.684 Thread 0x0000020bca7ea620 nmethod 621 0x0000020bb48d3510 code [0x0000020bb48d36c0, 0x0000020bb48d38d8]
Event: 0.684 Thread 0x0000020bca7ea620  622       3       java.lang.ClassLoader::findBootstrapClassOrNull (14 bytes)
Event: 0.684 Thread 0x0000020bca7ea620 nmethod 622 0x0000020bb48d3a10 code [0x0000020bb48d3bc0, 0x0000020bb48d3d78]
Event: 0.686 Thread 0x0000020bca7ea620  623       3       jdk.internal.ref.PhantomCleanable::clean (16 bytes)
Event: 0.686 Thread 0x0000020bca7ea620 nmethod 623 0x0000020bb48d3e10 code [0x0000020bb48d3fe0, 0x0000020bb48d42a8]
Event: 0.686 Thread 0x0000020bca7ea620  624       3       jdk.internal.ref.CleanerImpl$PhantomCleanableRef::performCleanup (10 bytes)
Event: 0.686 Thread 0x0000020bca7ea620 nmethod 624 0x0000020bb48d4390 code [0x0000020bb48d4540, 0x0000020bb48d4708]
Event: 0.687 Thread 0x0000020bca7ea620  626       3       java.util.zip.ZipCoder$UTF8ZipCoder::hasTrailingSlash (20 bytes)
Event: 0.687 Thread 0x0000020bca7ea620 nmethod 626 0x0000020bb48d4810 code [0x0000020bb48d49a0, 0x0000020bb48d4b78]
Event: 0.688 Thread 0x0000020bca7ea620  627   !   3       java.util.zip.ZipFile$ZipFileInflaterInputStream::close (67 bytes)
Event: 0.689 Thread 0x0000020bca7ea620 nmethod 627 0x0000020bb48d4c90 code [0x0000020bb48d4ec0, 0x0000020bb48d5718]
Event: 0.689 Thread 0x0000020bca7ea620  628       3       java.util.ArrayDeque::pollFirst (36 bytes)
Event: 0.689 Thread 0x0000020bca7ea620 nmethod 628 0x0000020bb48d5a90 code [0x0000020bb48d5c40, 0x0000020bb48d6058]
Event: 0.689 Thread 0x0000020bca7ea620  629   !   3       java.util.concurrent.ConcurrentHashMap::computeIfAbsent (576 bytes)

GC Heap History (0 events):
No events

Deoptimization events (20 events):
Event: 0.399 Thread 0x0000020baae9c3c0 DEOPT PACKING pc=0x0000020bb4828344 sp=0x000000d1846fccd0
Event: 0.399 Thread 0x0000020baae9c3c0 DEOPT UNPACKING pc=0x0000020bbbd52b43 sp=0x000000d1846fc180 mode 0
Event: 0.400 Thread 0x0000020baae9c3c0 DEOPT PACKING pc=0x0000020bb48034d6 sp=0x000000d1846f9530
Event: 0.400 Thread 0x0000020baae9c3c0 DEOPT UNPACKING pc=0x0000020bbbd52b43 sp=0x000000d1846f89d0 mode 0
Event: 0.407 Thread 0x0000020baae9c3c0 DEOPT PACKING pc=0x0000020bb485e3e5 sp=0x000000d1846f9780
Event: 0.407 Thread 0x0000020baae9c3c0 DEOPT UNPACKING pc=0x0000020bbbd52b43 sp=0x000000d1846f8bd0 mode 0
Event: 0.417 Thread 0x0000020baae9c3c0 DEOPT PACKING pc=0x0000020bb485e3e5 sp=0x000000d1846f97e0
Event: 0.417 Thread 0x0000020baae9c3c0 DEOPT UNPACKING pc=0x0000020bbbd52b43 sp=0x000000d1846f8c30 mode 0
Event: 0.425 Thread 0x0000020baae9c3c0 DEOPT PACKING pc=0x0000020bb485e3e5 sp=0x000000d1846fce70
Event: 0.425 Thread 0x0000020baae9c3c0 DEOPT UNPACKING pc=0x0000020bbbd52b43 sp=0x000000d1846fc2c0 mode 0
Event: 0.508 Thread 0x0000020baae9c3c0 DEOPT PACKING pc=0x0000020bb47f5a3e sp=0x000000d1846fc550
Event: 0.508 Thread 0x0000020baae9c3c0 DEOPT UNPACKING pc=0x0000020bbbd52b43 sp=0x000000d1846fb9f0 mode 0
Event: 0.513 Thread 0x0000020baae9c3c0 DEOPT PACKING pc=0x0000020bb485e3e5 sp=0x000000d1846fc8d0
Event: 0.513 Thread 0x0000020baae9c3c0 DEOPT UNPACKING pc=0x0000020bbbd52b43 sp=0x000000d1846fbd20 mode 0
Event: 0.516 Thread 0x0000020baae9c3c0 Uncommon trap: trap_request=0xffffff45 fr.pc=0x0000020bbc2b89c4 relative=0x00000000000002a4
Event: 0.516 Thread 0x0000020baae9c3c0 Uncommon trap: reason=unstable_if action=reinterpret pc=0x0000020bbc2b89c4 method=java.lang.String.startsWith(Ljava/lang/String;I)Z @ 14 c2
Event: 0.516 Thread 0x0000020baae9c3c0 DEOPT PACKING pc=0x0000020bbc2b89c4 sp=0x000000d1846fc070
Event: 0.516 Thread 0x0000020baae9c3c0 DEOPT UNPACKING pc=0x0000020bbbd523a3 sp=0x000000d1846fbfd0 mode 2
Event: 0.536 Thread 0x0000020baae9c3c0 DEOPT PACKING pc=0x0000020bb485e3e5 sp=0x000000d1846fb5b0
Event: 0.536 Thread 0x0000020baae9c3c0 DEOPT UNPACKING pc=0x0000020bbbd52b43 sp=0x000000d1846faa00 mode 0

Classes unloaded (0 events):
No events

Classes redefined (0 events):
No events

Internal exceptions (4 events):
Event: 0.518 Thread 0x0000020baae9c3c0 Exception <a 'java/lang/ClassNotFoundException'{0x0000000088c52b40}: javax/smartcardio/CardPermission> (0x0000000088c52b40) 
thrown [s\open\src\hotspot\share\classfile\systemDictionary.cpp, line 256]
Event: 0.530 Thread 0x0000020baae9c3c0 Exception <a 'java/io/FileNotFoundException'{0x0000000088c61408}> (0x0000000088c61408) 
thrown [s\open\src\hotspot\share\prims\jni.cpp, line 516]
Event: 0.572 Thread 0x0000020baae9c3c0 Exception <a 'java/lang/NoSuchMethodError'{0x0000000088cea9d0}: 'java.lang.Object java.lang.invoke.DirectMethodHandle$Holder.invokeSpecial(java.lang.Object, java.lang.Object, java.lang.Object, long, java.lang.Object)'> (0x0000000088cea9d0) 
thrown [s\open\src\hotspot\share\interpreter\linkResolver.cpp, line 759]
Event: 0.573 Thread 0x0000020baae9c3c0 Exception <a 'java/lang/NoSuchMethodError'{0x0000000088cee670}: 'java.lang.Object java.lang.invoke.Invokers$Holder.linkToTargetMethod(java.lang.Object, long, java.lang.Object, java.lang.Object)'> (0x0000000088cee670) 
thrown [s\open\src\hotspot\share\interpreter\linkResolver.cpp, line 759]

VM Operations (8 events):
Event: 0.244 Executing VM operation: HandshakeAllThreads
Event: 0.244 Executing VM operation: HandshakeAllThreads done
Event: 0.397 Executing VM operation: HandshakeAllThreads
Event: 0.397 Executing VM operation: HandshakeAllThreads done
Event: 0.652 Executing VM operation: HandshakeAllThreads
Event: 0.652 Executing VM operation: HandshakeAllThreads done
Event: 0.683 Executing VM operation: HandshakeAllThreads
Event: 0.683 Executing VM operation: HandshakeAllThreads done

Events (20 events):
Event: 0.643 loading class java/time/zone/ZoneOffsetTransition done
Event: 0.647 loading class java/util/concurrent/atomic/AtomicReference
Event: 0.647 loading class java/util/concurrent/atomic/AtomicReference done
Event: 0.652 loading class java/lang/NumberFormatException
Event: 0.652 loading class java/lang/NumberFormatException done
Event: 0.656 Thread 0x0000020bcac20e50 Thread added: 0x0000020bcac20e50
Event: 0.664 loading class java/lang/InterruptedException
Event: 0.664 loading class java/lang/InterruptedException done
Event: 0.664 loading class java/util/concurrent/TimeoutException
Event: 0.664 loading class java/util/concurrent/TimeoutException done
Event: 0.681 loading class java/lang/IllegalAccessError
Event: 0.681 loading class java/lang/IllegalAccessError done
Event: 0.693 loading class java/util/IdentityHashMap$EntrySet
Event: 0.693 loading class java/util/IdentityHashMap$EntrySet done
Event: 0.694 loading class java/util/IdentityHashMap$EntryIterator
Event: 0.694 loading class java/util/IdentityHashMap$EntryIterator done
Event: 0.694 loading class java/util/IdentityHashMap$EntryIterator$Entry
Event: 0.694 loading class java/util/IdentityHashMap$EntryIterator$Entry done
Event: 0.694 loading class java/util/IdentityHashMap$ValueIterator
Event: 0.694 loading class java/util/IdentityHashMap$ValueIterator done


Dynamic libraries:
0x00007ff73e850000 - 0x00007ff73e860000 	C:\Program Files\Java\jdk-17\bin\java.exe
0x00007ffe14e30000 - 0x00007ffe15028000 	C:\WINDOWS\SYSTEM32\ntdll.dll
0x00007ffe13b90000 - 0x00007ffe13c4d000 	C:\WINDOWS\System32\KERNEL32.DLL
0x00007ffe12b20000 - 0x00007ffe12e16000 	C:\WINDOWS\System32\KERNELBASE.dll
0x00007ffe12860000 - 0x00007ffe12960000 	C:\WINDOWS\System32\ucrtbase.dll
0x00007ffe0e4d0000 - 0x00007ffe0e4eb000 	C:\Program Files\Java\jdk-17\bin\VCRUNTIME140.dll
0x00007ffe0e4b0000 - 0x00007ffe0e4c9000 	C:\Program Files\Java\jdk-17\bin\jli.dll
0x00007ffe13660000 - 0x00007ffe13713000 	C:\WINDOWS\System32\ADVAPI32.dll
0x00007ffe137a0000 - 0x00007ffe1383e000 	C:\WINDOWS\System32\msvcrt.dll
0x00007ffe135c0000 - 0x00007ffe1365f000 	C:\WINDOWS\System32\sechost.dll
0x00007ffe13490000 - 0x00007ffe135b6000 	C:\WINDOWS\System32\RPCRT4.dll
0x00007ffe12830000 - 0x00007ffe12857000 	C:\WINDOWS\System32\bcrypt.dll
0x00007ffe13910000 - 0x00007ffe13aae000 	C:\WINDOWS\System32\USER32.dll
0x00007ffe12800000 - 0x00007ffe12822000 	C:\WINDOWS\System32\win32u.dll
0x00007ffe14770000 - 0x00007ffe1479b000 	C:\WINDOWS\System32\GDI32.dll
0x00007ffe12580000 - 0x00007ffe12697000 	C:\WINDOWS\System32\gdi32full.dll
0x00007ffe12a10000 - 0x00007ffe12aad000 	C:\WINDOWS\System32\msvcp_win.dll
0x00007ffe08760000 - 0x00007ffe089fa000 	C:\WINDOWS\WinSxS\amd64_microsoft.windows.common-controls_6595b64144ccf1df_6.0.19041.3636_none_60b6a03d71f818d5\COMCTL32.dll
0x00007ffe0cfc0000 - 0x00007ffe0cfca000 	C:\WINDOWS\SYSTEM32\VERSION.dll
0x00007ffe14450000 - 0x00007ffe14482000 	C:\WINDOWS\System32\IMM32.DLL
0x00007ffe0bfa0000 - 0x00007ffe0bfac000 	C:\Program Files\Java\jdk-17\bin\vcruntime140_1.dll
0x00007ffe00870000 - 0x00007ffe008fe000 	C:\Program Files\Java\jdk-17\bin\msvcp140.dll
0x00007ffddd110000 - 0x00007ffdddcee000 	C:\Program Files\Java\jdk-17\bin\server\jvm.dll
0x00007ffe149b0000 - 0x00007ffe149b8000 	C:\WINDOWS\System32\PSAPI.DLL
0x00007ffe086f0000 - 0x00007ffe08717000 	C:\WINDOWS\SYSTEM32\WINMM.dll
0x00007ffe06d90000 - 0x00007ffe06d99000 	C:\WINDOWS\SYSTEM32\WSOCK32.dll
0x00007ffe13840000 - 0x00007ffe138ab000 	C:\WINDOWS\System32\WS2_32.dll
0x00007ffe10e60000 - 0x00007ffe10e72000 	C:\WINDOWS\SYSTEM32\kernel.appcore.dll
0x00007ffe083b0000 - 0x00007ffe083ba000 	C:\Program Files\Java\jdk-17\bin\jimage.dll
0x00007ffe10a00000 - 0x00007ffe10be4000 	C:\WINDOWS\SYSTEM32\DBGHELP.DLL
0x00007ffe0bca0000 - 0x00007ffe0bcd4000 	C:\WINDOWS\SYSTEM32\dbgcore.DLL
0x00007ffe124f0000 - 0x00007ffe12572000 	C:\WINDOWS\System32\bcryptPrimitives.dll
0x00007ffe08370000 - 0x00007ffe08395000 	C:\Program Files\Java\jdk-17\bin\java.dll
0x00007ffdf85e0000 - 0x00007ffdf86b7000 	C:\Program Files\Java\jdk-17\bin\jsvml.dll
0x00007ffe13c50000 - 0x00007ffe14395000 	C:\WINDOWS\System32\SHELL32.dll
0x00007ffe10170000 - 0x00007ffe1090c000 	C:\WINDOWS\SYSTEM32\windows.storage.dll
0x00007ffe14a90000 - 0x00007ffe14de4000 	C:\WINDOWS\System32\combase.dll
0x00007ffe11e50000 - 0x00007ffe11e7e000 	C:\WINDOWS\SYSTEM32\Wldp.dll
0x00007ffe145c0000 - 0x00007ffe1468d000 	C:\WINDOWS\System32\OLEAUT32.dll
0x00007ffe149e0000 - 0x00007ffe14a8d000 	C:\WINDOWS\System32\SHCORE.dll
0x00007ffe14950000 - 0x00007ffe149a5000 	C:\WINDOWS\System32\shlwapi.dll
0x00007ffe12420000 - 0x00007ffe12445000 	C:\WINDOWS\SYSTEM32\profapi.dll
0x00007ffe060c0000 - 0x00007ffe060d9000 	C:\Program Files\Java\jdk-17\bin\net.dll
0x00007ffe0bd70000 - 0x00007ffe0be7a000 	C:\WINDOWS\SYSTEM32\WINHTTP.dll
0x00007ffe11bb0000 - 0x00007ffe11c1a000 	C:\WINDOWS\system32\mswsock.dll
0x00007ffe060a0000 - 0x00007ffe060b6000 	C:\Program Files\Java\jdk-17\bin\nio.dll
0x00007ffe082a0000 - 0x00007ffe082b8000 	C:\Program Files\Java\jdk-17\bin\zip.dll

dbghelp: loaded successfully - version: 4.0.5 - missing functions: none
symbol engine: initialized successfully - sym options: 0x614 - pdb path: .;C:\Program Files\Java\jdk-17\bin;C:\WINDOWS\SYSTEM32;C:\WINDOWS\WinSxS\amd64_microsoft.windows.common-controls_6595b64144ccf1df_6.0.19041.3636_none_60b6a03d71f818d5;C:\Program Files\Java\jdk-17\bin\server

VM Arguments:
jvm_args: -Dfile.encoding=windows-1252 -Duser.country=IN -Duser.language=en -Duser.variant 
java_command: in.learnjavaskills.sqsmessaging.SqsmessagingApplication
java_class_path (initial): G:\Intelij-WorkSpace\SpringBoot\spring-cloud-aws\sqsmessaging\build\classes\java\main;G:\Intelij-WorkSpace\SpringBoot\spring-cloud-aws\sqsmessaging\build\resources\main;C:\Users\Imran Shaikh\.gradle\caches\modules-2\files-2.1\org.springframework.boot\spring-boot-starter-web\3.2.2\b89d213d9f49c3e6247b2503ac7d94b0ac8260f6\spring-boot-starter-web-3.2.2.jar;C:\Users\Imran Shaikh\.gradle\caches\modules-2\files-2.1\io.awspring.cloud\spring-cloud-aws-starter-sqs\3.0.0\9569e34139fcf00ea3d64533fa3ec1c19f63a747\spring-cloud-aws-starter-sqs-3.0.0.jar;C:\Users\Imran Shaikh\.gradle\caches\modules-2\files-2.1\io.awspring.cloud\spring-cloud-aws-sqs\3.0.0\ad415a5e4144b8d4c3e97434700093afb3edaf56\spring-cloud-aws-sqs-3.0.0.jar;C:\Users\Imran Shaikh\.gradle\caches\modules-2\files-2.1\software.amazon.awssdk\sqs\2.20.55\9e0758a177f4bf5782a791863f738884992f78c7\sqs-2.20.55.jar;C:\Users\Imran Shaikh\.gradle\caches\modules-2\files-2.1\software.amazon.awssdk\arns\2.20.55\d94215645cd75f8e1336120e651899033a4738be\arns-2.20.55.jar;C:\Users\Imran Shaikh\.gradle\caches\modules-2\files-2.1\io.awspring.cloud\spring-cloud-aws-starter\3.0.0\82c3e82667e2b7663e56b30ebff6e49e94593a29\spring-cloud-aws-starter-3.0.0.jar;C:\Users\Imran Shaikh\.gradle\caches\modules-2\files-2.1\io.awspring.cloud\spring-cloud-aws-core\3.0.0\5f4065a44278fb7c9f590a37afde98e04534b525\spring-cloud-aws-core-3.0.0.jar;C:\Users\Imran Shaikh\.gradle\caches\modules-2\files-2.1\software.amazon.awssdk\aws-query-protocol\2.20.55\ac116215cc85366f0bdffee53b4c21e7a7fe03ef\aws-query-protocol-2.20.55.jar;C:\Users\Imran Shaikh\.gradle\caches\modules-2\files-2.1\software.amazon.awssdk\aws-core\2.20.55\734427c2cece98a8cb90871b78d2311e4a7ef746\aws-core-2.20.55.jar;C:\Users\Imran Shaikh\.gradle\caches\modules-2\files-2.1\software.amazon.awssdk\auth\2.20.55\e21f00a8a2096d5044f3eff176944256e01a175e\auth-2.20.55.jar;C:\Users\Imran Shaikh\.gradle\caches\modules-2\files-2.1\software.amazon.awssdk\regions\2.20.55\a117c19b
Launcher Type: SUN_STANDARD

[Global flags]
     intx CICompilerCount                          = 3                                         {product} {ergonomic}
     uint ConcGCThreads                            = 1                                         {product} {ergonomic}
     uint G1ConcRefinementThreads                  = 4                                         {product} {ergonomic}
   size_t G1HeapRegionSize                         = 1048576                                   {product} {ergonomic}
    uintx GCDrainStackTargetSize                   = 64                                        {product} {ergonomic}
   size_t InitialHeapSize                          = 134217728                                 {product} {ergonomic}
   size_t MarkStackSize                            = 4194304                                   {product} {ergonomic}
   size_t MaxHeapSize                              = 2126512128                                {product} {ergonomic}
   size_t MaxNewSize                               = 1275068416                                {product} {ergonomic}
   size_t MinHeapDeltaBytes                        = 1048576                                   {product} {ergonomic}
   size_t MinHeapSize                              = 8388608                                   {product} {ergonomic}
    uintx NonNMethodCodeHeapSize                   = 5832780                                {pd product} {ergonomic}
    uintx NonProfiledCodeHeapSize                  = 122912730                              {pd product} {ergonomic}
    uintx ProfiledCodeHeapSize                     = 122912730                              {pd product} {ergonomic}
    uintx ReservedCodeCacheSize                    = 251658240                              {pd product} {ergonomic}
     bool SegmentedCodeCache                       = true                                      {product} {ergonomic}
   size_t SoftMaxHeapSize                          = 2126512128                             {manageable} {ergonomic}
     bool UseCompressedClassPointers               = true                           {product lp64_product} {ergonomic}
     bool UseCompressedOops                        = true                           {product lp64_product} {ergonomic}
     bool UseG1GC                                  = true                                      {product} {ergonomic}
     bool UseLargePagesIndividualAllocation        = false                                  {pd product} {ergonomic}

Logging:
Log output configuration:
 #0: stdout all=warning uptime,level,tags
 #1: stderr all=off uptime,level,tags

Environment Variables:
JAVA_HOME=C:\Program Files\Java\jdk1.8.0_111
PATH=C:\Program Files\Common Files\Oracle\Java\javapath;C:\Program Files\Python37\Scripts\;C:\Program Files\Python37\;C:\Program Files (x86)\Common Files\Oracle\Java\javapath;C:\Program Files\bin;C:\Program Files (x86)\Intel\iCLS Client\;C:\Program Files\Intel\iCLS Client\;C:\ProgramData\Oracle\Java\javapath;C:\Program Files\Java\jdk1.8.0_111\bin;C:\Program Files (x86)\Intel\Intel(R) Management Engine Components\DAL;C:\Program Files\Intel\Intel(R) Management Engine Components\DAL;C:\Program Files (x86)\Intel\Intel(R) Management Engine Components\IPT;C:\Program Files\Intel\Intel(R) Management Engine Components\IPT;C:\WINDOWS\system32;C:\WINDOWS;C:\WINDOWS\System32\Wbem;C:\WINDOWS\System32\WindowsPowerShell\v1.0\;C:\WINDOWS\System32\OpenSSH\;C:\Program Files\apache-maven-3.6.3\bin;G:\Putty\Putty setup\;G:\project\gdcmlib;C:\Program Files\Java\jdk-17\bin;C:\Program Files\Git\cmd;C:\Users\Imran Shaikh\AppData\Local\Microsoft\WindowsApps;C:\Program Files\Php;;C:\Users\Imran Shaikh\.ebcli-virtual-env\executables;C:\Users\Imran Shaikh\AppData\Local\Programs\Microsoft VS Code\bin
USERNAME=Imran Shaikh
OS=Windows_NT
PROCESSOR_IDENTIFIER=Intel64 Family 6 Model 142 Stepping 9, GenuineIntel



---------------  S Y S T E M  ---------------

OS:
 Windows 10 , 64 bit Build 19041 (10.0.19041.3636)
OS uptime: 4 days 18:13 hours

CPU: total 4 (initial active 4) (2 cores per cpu, 2 threads per core) family 6 model 142 stepping 9 microcode 0xde, cx8, cmov, fxsr, ht, mmx, 3dnowpref, sse, sse2, sse3, ssse3, sse4.1, sse4.2, popcnt, lzcnt, tsc, tscinvbit, avx, avx2, aes, erms, clmul, bmi1, bmi2, adx, fma, vzeroupper, clflush, clflushopt

Memory: 4k page, system-wide physical 8107M (908M free)
TotalPageFile size 8107M (AvailPageFile size 2M)
current process WorkingSet (physical memory assigned to process): 58M, peak: 58M
current process commit charge ("private bytes"): 216M, peak: 216M

vm_info: Java HotSpot(TM) 64-Bit Server VM (17.0.8+9-LTS-211) for windows-amd64 JRE (17.0.8+9-LTS-211), built on Jun 14 2023 10:34:31 by "mach5one" with MS VC++ 17.1 (VS2022)

END.
