#
# There is insufficient memory for the Java Runtime Environment to continue.
# Native memory allocation (malloc) failed to allocate 2071216 bytes for Chunk::new
# Possible reasons:
#   The system is out of physical RAM or swap space
#   The process is running with CompressedOops enabled, and the Java Heap may be blocking the growth of the native heap
# Possible solutions:
#   Reduce memory load on the system
#   Increase physical memory or swap space
#   Check if swap backing store is full
#   Decrease Java heap size (-Xmx/-Xms)
#   Decrease number of Java threads
#   Decrease Java thread stack sizes (-Xss)
#   Set larger code cache with -XX:ReservedCodeCacheSize=
#   JVM is running with Unscaled Compressed Oops mode in which the Java heap is
#     placed in the first 4GB address space. The Java Heap base address is the
#     maximum limit for the native heap growth. Please use -XX:HeapBaseMinAddress
#     to set the Java Heap base and to place the Java Heap above 4GB virtual address.
# This output file may be truncated or incomplete.
#
#  Out of Memory Error (arena.cpp:189), pid=2732, tid=14604
#
# JRE version: Java(TM) SE Runtime Environment (17.0.8+9) (build 17.0.8+9-LTS-211)
# Java VM: Java HotSpot(TM) 64-Bit Server VM (17.0.8+9-LTS-211, mixed mode, sharing, tiered, compressed oops, compressed class ptrs, g1 gc, windows-amd64)
# No core dump will be written. Minidumps are not enabled by default on client versions of Windows
#

---------------  S U M M A R Y ------------

Command Line: --add-opens=java.base/java.util=ALL-UNNAMED --add-opens=java.base/java.lang=ALL-UNNAMED --add-opens=java.base/java.lang.invoke=ALL-UNNAMED --add-opens=java.prefs/java.util.prefs=ALL-UNNAMED --add-opens=java.base/java.nio.charset=ALL-UNNAMED --add-opens=java.base/java.net=ALL-UNNAMED --add-opens=java.base/java.util.concurrent.atomic=ALL-UNNAMED -XX:MaxMetaspaceSize=384m -XX:+HeapDumpOnOutOfMemoryError -Xms256m -Xmx512m -Dfile.encoding=windows-1252 -Duser.country=IN -Duser.language=en -Duser.variant -javaagent:C:\Users\Imran Shaikh\.gradle\wrapper\dists\gradle-8.5-bin\5t9huq95ubn472n8rpzujfbqh\gradle-8.5\lib\agents\gradle-instrumentation-agent-8.5.jar org.gradle.launcher.daemon.bootstrap.GradleDaemon 8.5

Host: Intel(R) Core(TM) i3-7100U CPU @ 2.40GHz, 4 cores, 7G,  Windows 10 , 64 bit Build 19041 (10.0.19041.3636)
Time: Wed Feb 21 15:28:38 2024 India Standard Time elapsed time: 4.735959 seconds (0d 0h 0m 4s)

---------------  T H R E A D  ---------------

Current thread (0x000002af7efb3840):  JavaThread "C2 CompilerThread0" daemon [_thread_in_native, id=14604, stack(0x000000f2fc500000,0x000000f2fc600000)]


Current CompileTask:
C2:   4736 2192       4       jdk.internal.org.objectweb.asm.Frame::execute (2305 bytes)

Stack: [0x000000f2fc500000,0x000000f2fc600000]
Native frames: (J=compiled Java code, j=interpreted, Vv=VM code, C=native code)
V  [jvm.dll+0x677d0a]
V  [jvm.dll+0x7d8c54]
V  [jvm.dll+0x7da3fe]
V  [jvm.dll+0x7daa63]
V  [jvm.dll+0x245c5f]
V  [jvm.dll+0xaaa6b]
V  [jvm.dll+0xab00c]
V  [jvm.dll+0x361e3f]
V  [jvm.dll+0x32c551]
V  [jvm.dll+0x32b9ea]
V  [jvm.dll+0x217fff]
V  [jvm.dll+0x217431]
V  [jvm.dll+0x1a3af0]
V  [jvm.dll+0x2270be]
V  [jvm.dll+0x22535b]
V  [jvm.dll+0x78e7bc]
V  [jvm.dll+0x788bba]
V  [jvm.dll+0x676b35]
C  [ucrtbase.dll+0x21bb2]
C  [KERNEL32.DLL+0x17344]
C  [ntdll.dll+0x526b1]


---------------  P R O C E S S  ---------------

Threads class SMR info:
_java_thread_list=0x000002af29370900, length=24, elements={
0x000002af72005b70, 0x000002af7ef89360, 0x000002af7ef8a0e0, 0x000002af7efa7290,
0x000002af7efa7e10, 0x000002af7efa9e80, 0x000002af7efaaee0, 0x000002af7efb3840,
0x000002af7efb4990, 0x000002af7efbaaa0, 0x000002af7ef768a0, 0x000002af7f289fd0,
0x000002af29f89430, 0x000002af29f8a770, 0x000002af29f8ac40, 0x000002af29f8bf80,
0x000002af29f8c920, 0x000002af29f8bab0, 0x000002af29f8c450, 0x000002af29f8b110,
0x000002af29f88f60, 0x000002af29f89900, 0x000002af29f8a2a0, 0x000002af29f8b5e0
}

Java Threads: ( => current thread )
  0x000002af72005b70 JavaThread "main" [_thread_blocked, id=14224, stack(0x000000f2fb800000,0x000000f2fb900000)]
  0x000002af7ef89360 JavaThread "Reference Handler" daemon [_thread_blocked, id=14884, stack(0x000000f2fbf00000,0x000000f2fc000000)]
  0x000002af7ef8a0e0 JavaThread "Finalizer" daemon [_thread_blocked, id=14360, stack(0x000000f2fc000000,0x000000f2fc100000)]
  0x000002af7efa7290 JavaThread "Signal Dispatcher" daemon [_thread_blocked, id=5220, stack(0x000000f2fc100000,0x000000f2fc200000)]
  0x000002af7efa7e10 JavaThread "Attach Listener" daemon [_thread_blocked, id=8180, stack(0x000000f2fc200000,0x000000f2fc300000)]
  0x000002af7efa9e80 JavaThread "Service Thread" daemon [_thread_blocked, id=6104, stack(0x000000f2fc300000,0x000000f2fc400000)]
  0x000002af7efaaee0 JavaThread "Monitor Deflation Thread" daemon [_thread_blocked, id=6368, stack(0x000000f2fc400000,0x000000f2fc500000)]
=>0x000002af7efb3840 JavaThread "C2 CompilerThread0" daemon [_thread_in_native, id=14604, stack(0x000000f2fc500000,0x000000f2fc600000)]
  0x000002af7efb4990 JavaThread "C1 CompilerThread0" daemon [_thread_blocked, id=13556, stack(0x000000f2fc600000,0x000000f2fc700000)]
  0x000002af7efbaaa0 JavaThread "Sweeper thread" daemon [_thread_blocked, id=13992, stack(0x000000f2fc700000,0x000000f2fc800000)]
  0x000002af7ef768a0 JavaThread "Common-Cleaner" daemon [_thread_blocked, id=14784, stack(0x000000f2fc800000,0x000000f2fc900000)]
  0x000002af7f289fd0 JavaThread "Notification Thread" daemon [_thread_blocked, id=14904, stack(0x000000f2fc900000,0x000000f2fca00000)]
  0x000002af29f89430 JavaThread "Daemon health stats" [_thread_blocked, id=8108, stack(0x000000f2fcf00000,0x000000f2fd000000)]
  0x000002af29f8a770 JavaThread "Incoming local TCP Connector on port 51796" [_thread_in_native, id=7736, stack(0x000000f2fd000000,0x000000f2fd100000)]
  0x000002af29f8ac40 JavaThread "Daemon periodic checks" [_thread_blocked, id=14664, stack(0x000000f2fd100000,0x000000f2fd200000)]
  0x000002af29f8bf80 JavaThread "Daemon" [_thread_blocked, id=9032, stack(0x000000f2fcb00000,0x000000f2fcc00000)]
  0x000002af29f8c920 JavaThread "Handler for socket connection from /127.0.0.1:51796 to /127.0.0.1:51797" [_thread_in_native, id=11512, stack(0x000000f2fd200000,0x000000f2fd300000)]
  0x000002af29f8bab0 JavaThread "Cancel handler" [_thread_blocked, id=2312, stack(0x000000f2fd300000,0x000000f2fd400000)]
  0x000002af29f8c450 JavaThread "Daemon worker" [_thread_in_vm, id=12624, stack(0x000000f2fd400000,0x000000f2fd500000)]
  0x000002af29f8b110 JavaThread "Asynchronous log dispatcher for DefaultDaemonConnection: socket connection from /127.0.0.1:51796 to /127.0.0.1:51797" [_thread_blocked, id=15184, stack(0x000000f2fd500000,0x000000f2fd600000)]
  0x000002af29f88f60 JavaThread "Stdin handler" [_thread_blocked, id=15180, stack(0x000000f2fd600000,0x000000f2fd700000)]
  0x000002af29f89900 JavaThread "Daemon client event forwarder" [_thread_blocked, id=15176, stack(0x000000f2fd700000,0x000000f2fd800000)]
  0x000002af29f8a2a0 JavaThread "Cache worker for journal cache (C:\Users\Imran Shaikh\.gradle\caches\journal-1)" [_thread_blocked, id=7652, stack(0x000000f2fd800000,0x000000f2fd900000)]
  0x000002af29f8b5e0 JavaThread "File lock request listener" [_thread_in_native, id=12696, stack(0x000000f2fd900000,0x000000f2fda00000)]

Other Threads:
  0x000002af7ef850c0 VMThread "VM Thread" [stack: 0x000000f2fbe00000,0x000000f2fbf00000] [id=13620]
  0x000002af7204aa70 WatcherThread [stack: 0x000000f2fca00000,0x000000f2fcb00000] [id=14800]
  0x000002af72034e10 GCTaskThread "GC Thread#0" [stack: 0x000000f2fb900000,0x000000f2fba00000] [id=14888]
  0x000002af7f5d4890 GCTaskThread "GC Thread#1" [stack: 0x000000f2fcc00000,0x000000f2fcd00000] [id=12664]
  0x000002af7f7090c0 GCTaskThread "GC Thread#2" [stack: 0x000000f2fcd00000,0x000000f2fce00000] [id=11400]
  0x000002af7f84cc90 GCTaskThread "GC Thread#3" [stack: 0x000000f2fce00000,0x000000f2fcf00000] [id=13996]
  0x000002af72039c60 ConcurrentGCThread "G1 Main Marker" [stack: 0x000000f2fba00000,0x000000f2fbb00000] [id=13816]
  0x000002af7203ad20 ConcurrentGCThread "G1 Conc#0" [stack: 0x000000f2fbb00000,0x000000f2fbc00000] [id=14588]
  0x000002af720d7760 ConcurrentGCThread "G1 Refine#0" [stack: 0x000000f2fbc00000,0x000000f2fbd00000] [id=13648]
  0x000002af7ee52220 ConcurrentGCThread "G1 Service" [stack: 0x000000f2fbd00000,0x000000f2fbe00000] [id=14724]

Threads with active compile tasks:
C2 CompilerThread0     4926 2192       4       jdk.internal.org.objectweb.asm.Frame::execute (2305 bytes)

VM state: not at safepoint (normal execution)

VM Mutex/Monitor currently owned by a thread:  ([mutex/lock_event])
[0x000002af72000d70] Metaspace_lock - owner thread: 0x000002af29f8c450

Heap address: 0x00000000e0000000, size: 512 MB, Compressed Oops mode: 32-bit

CDS archive(s) mapped at: [0x000002af0f000000-0x000002af0fbd0000-0x000002af0fbd0000), size 12386304, SharedBaseAddress: 0x000002af0f000000, ArchiveRelocationMode: 1.
Compressed class space mapped at: 0x000002af10000000-0x000002af24000000, reserved size: 335544320
Narrow klass base: 0x000002af0f000000, Narrow klass shift: 0, Narrow klass range: 0x100000000

GC Precious Log:
 CPUs: 4 total, 4 available
 Memory: 8107M
 Large Page Support: Disabled
 NUMA Support: Disabled
 Compressed Oops: Enabled (32-bit)
 Heap Region Size: 1M
 Heap Min Capacity: 256M
 Heap Initial Capacity: 256M
 Heap Max Capacity: 512M
 Pre-touch: Disabled
 Parallel Workers: 4
 Concurrent Workers: 1
 Concurrent Refinement Workers: 4
 Periodic GC: Disabled

Heap:
 garbage-first heap   total 262144K, used 76739K [0x00000000e0000000, 0x0000000100000000)
  region size 1024K, 65 young (66560K), 1 survivors (1024K)
 Metaspace       used 14727K, committed 15040K, reserved 393216K
  class space    used 2048K, committed 2240K, reserved 327680K

Heap Regions: E=young(eden), S=young(survivor), O=old, HS=humongous(starts), HC=humongous(continues), CS=collection set, F=free, OA=open archive, CA=closed archive, TAMS=top-at-mark-start (previous, next)
|   0|0x00000000e0000000, 0x00000000e0100000, 0x00000000e0100000|100%| O|  |TAMS 0x00000000e0000000, 0x00000000e0000000| Untracked 
|   1|0x00000000e0100000, 0x00000000e0200000, 0x00000000e0200000|100%| O|  |TAMS 0x00000000e0100000, 0x00000000e0100000| Untracked 
|   2|0x00000000e0200000, 0x00000000e0300000, 0x00000000e0300000|100%|HS|  |TAMS 0x00000000e0200000, 0x00000000e0200000| Complete 
|   3|0x00000000e0300000, 0x00000000e0400000, 0x00000000e0400000|100%|HC|  |TAMS 0x00000000e0300000, 0x00000000e0300000| Complete 
|   4|0x00000000e0400000, 0x00000000e0500000, 0x00000000e0500000|100%|HC|  |TAMS 0x00000000e0400000, 0x00000000e0400000| Complete 
|   5|0x00000000e0500000, 0x00000000e0600000, 0x00000000e0600000|100%|HC|  |TAMS 0x00000000e0500000, 0x00000000e0500000| Complete 
|   6|0x00000000e0600000, 0x00000000e0700000, 0x00000000e0700000|100%| O|  |TAMS 0x00000000e0600000, 0x00000000e0600000| Untracked 
|   7|0x00000000e0700000, 0x00000000e0800000, 0x00000000e0800000|100%| O|  |TAMS 0x00000000e0700000, 0x00000000e0700000| Untracked 
|   8|0x00000000e0800000, 0x00000000e0900000, 0x00000000e0900000|100%| O|  |TAMS 0x00000000e0800000, 0x00000000e0800000| Untracked 
|   9|0x00000000e0900000, 0x00000000e0a00000, 0x00000000e0a00000|100%| O|  |TAMS 0x00000000e0900000, 0x00000000e0900000| Untracked 
|  10|0x00000000e0a00000, 0x00000000e0a6a400, 0x00000000e0b00000| 41%| O|  |TAMS 0x00000000e0a00000, 0x00000000e0a00000| Untracked 
|  11|0x00000000e0b00000, 0x00000000e0c00000, 0x00000000e0c00000|100%|HS|  |TAMS 0x00000000e0b00000, 0x00000000e0b00000| Complete 
|  12|0x00000000e0c00000, 0x00000000e0c00000, 0x00000000e0d00000|  0%| F|  |TAMS 0x00000000e0c00000, 0x00000000e0c00000| Untracked 
|  13|0x00000000e0d00000, 0x00000000e0d00000, 0x00000000e0e00000|  0%| F|  |TAMS 0x00000000e0d00000, 0x00000000e0d00000| Untracked 
|  14|0x00000000e0e00000, 0x00000000e0e00000, 0x00000000e0f00000|  0%| F|  |TAMS 0x00000000e0e00000, 0x00000000e0e00000| Untracked 
|  15|0x00000000e0f00000, 0x00000000e0f00000, 0x00000000e1000000|  0%| F|  |TAMS 0x00000000e0f00000, 0x00000000e0f00000| Untracked 
|  16|0x00000000e1000000, 0x00000000e1000000, 0x00000000e1100000|  0%| F|  |TAMS 0x00000000e1000000, 0x00000000e1000000| Untracked 
|  17|0x00000000e1100000, 0x00000000e1100000, 0x00000000e1200000|  0%| F|  |TAMS 0x00000000e1100000, 0x00000000e1100000| Untracked 
|  18|0x00000000e1200000, 0x00000000e1200000, 0x00000000e1300000|  0%| F|  |TAMS 0x00000000e1200000, 0x00000000e1200000| Untracked 
|  19|0x00000000e1300000, 0x00000000e1300000, 0x00000000e1400000|  0%| F|  |TAMS 0x00000000e1300000, 0x00000000e1300000| Untracked 
|  20|0x00000000e1400000, 0x00000000e1400000, 0x00000000e1500000|  0%| F|  |TAMS 0x00000000e1400000, 0x00000000e1400000| Untracked 
|  21|0x00000000e1500000, 0x00000000e1500000, 0x00000000e1600000|  0%| F|  |TAMS 0x00000000e1500000, 0x00000000e1500000| Untracked 
|  22|0x00000000e1600000, 0x00000000e1600000, 0x00000000e1700000|  0%| F|  |TAMS 0x00000000e1600000, 0x00000000e1600000| Untracked 
|  23|0x00000000e1700000, 0x00000000e1700000, 0x00000000e1800000|  0%| F|  |TAMS 0x00000000e1700000, 0x00000000e1700000| Untracked 
|  24|0x00000000e1800000, 0x00000000e1800000, 0x00000000e1900000|  0%| F|  |TAMS 0x00000000e1800000, 0x00000000e1800000| Untracked 
|  25|0x00000000e1900000, 0x00000000e1900000, 0x00000000e1a00000|  0%| F|  |TAMS 0x00000000e1900000, 0x00000000e1900000| Untracked 
|  26|0x00000000e1a00000, 0x00000000e1a00000, 0x00000000e1b00000|  0%| F|  |TAMS 0x00000000e1a00000, 0x00000000e1a00000| Untracked 
|  27|0x00000000e1b00000, 0x00000000e1b00000, 0x00000000e1c00000|  0%| F|  |TAMS 0x00000000e1b00000, 0x00000000e1b00000| Untracked 
|  28|0x00000000e1c00000, 0x00000000e1c00000, 0x00000000e1d00000|  0%| F|  |TAMS 0x00000000e1c00000, 0x00000000e1c00000| Untracked 
|  29|0x00000000e1d00000, 0x00000000e1d00000, 0x00000000e1e00000|  0%| F|  |TAMS 0x00000000e1d00000, 0x00000000e1d00000| Untracked 
|  30|0x00000000e1e00000, 0x00000000e1e00000, 0x00000000e1f00000|  0%| F|  |TAMS 0x00000000e1e00000, 0x00000000e1e00000| Untracked 
|  31|0x00000000e1f00000, 0x00000000e1f00000, 0x00000000e2000000|  0%| F|  |TAMS 0x00000000e1f00000, 0x00000000e1f00000| Untracked 
|  32|0x00000000e2000000, 0x00000000e2000000, 0x00000000e2100000|  0%| F|  |TAMS 0x00000000e2000000, 0x00000000e2000000| Untracked 
|  33|0x00000000e2100000, 0x00000000e2100000, 0x00000000e2200000|  0%| F|  |TAMS 0x00000000e2100000, 0x00000000e2100000| Untracked 
|  34|0x00000000e2200000, 0x00000000e2200000, 0x00000000e2300000|  0%| F|  |TAMS 0x00000000e2200000, 0x00000000e2200000| Untracked 
|  35|0x00000000e2300000, 0x00000000e2300000, 0x00000000e2400000|  0%| F|  |TAMS 0x00000000e2300000, 0x00000000e2300000| Untracked 
|  36|0x00000000e2400000, 0x00000000e2400000, 0x00000000e2500000|  0%| F|  |TAMS 0x00000000e2400000, 0x00000000e2400000| Untracked 
|  37|0x00000000e2500000, 0x00000000e2500000, 0x00000000e2600000|  0%| F|  |TAMS 0x00000000e2500000, 0x00000000e2500000| Untracked 
|  38|0x00000000e2600000, 0x00000000e2600000, 0x00000000e2700000|  0%| F|  |TAMS 0x00000000e2600000, 0x00000000e2600000| Untracked 
|  39|0x00000000e2700000, 0x00000000e2700000, 0x00000000e2800000|  0%| F|  |TAMS 0x00000000e2700000, 0x00000000e2700000| Untracked 
|  40|0x00000000e2800000, 0x00000000e2800000, 0x00000000e2900000|  0%| F|  |TAMS 0x00000000e2800000, 0x00000000e2800000| Untracked 
|  41|0x00000000e2900000, 0x00000000e2900000, 0x00000000e2a00000|  0%| F|  |TAMS 0x00000000e2900000, 0x00000000e2900000| Untracked 
|  42|0x00000000e2a00000, 0x00000000e2a00000, 0x00000000e2b00000|  0%| F|  |TAMS 0x00000000e2a00000, 0x00000000e2a00000| Untracked 
|  43|0x00000000e2b00000, 0x00000000e2b00000, 0x00000000e2c00000|  0%| F|  |TAMS 0x00000000e2b00000, 0x00000000e2b00000| Untracked 
|  44|0x00000000e2c00000, 0x00000000e2c00000, 0x00000000e2d00000|  0%| F|  |TAMS 0x00000000e2c00000, 0x00000000e2c00000| Untracked 
|  45|0x00000000e2d00000, 0x00000000e2d00000, 0x00000000e2e00000|  0%| F|  |TAMS 0x00000000e2d00000, 0x00000000e2d00000| Untracked 
|  46|0x00000000e2e00000, 0x00000000e2e00000, 0x00000000e2f00000|  0%| F|  |TAMS 0x00000000e2e00000, 0x00000000e2e00000| Untracked 
|  47|0x00000000e2f00000, 0x00000000e2f00000, 0x00000000e3000000|  0%| F|  |TAMS 0x00000000e2f00000, 0x00000000e2f00000| Untracked 
|  48|0x00000000e3000000, 0x00000000e3000000, 0x00000000e3100000|  0%| F|  |TAMS 0x00000000e3000000, 0x00000000e3000000| Untracked 
|  49|0x00000000e3100000, 0x00000000e3100000, 0x00000000e3200000|  0%| F|  |TAMS 0x00000000e3100000, 0x00000000e3100000| Untracked 
|  50|0x00000000e3200000, 0x00000000e3200000, 0x00000000e3300000|  0%| F|  |TAMS 0x00000000e3200000, 0x00000000e3200000| Untracked 
|  51|0x00000000e3300000, 0x00000000e3300000, 0x00000000e3400000|  0%| F|  |TAMS 0x00000000e3300000, 0x00000000e3300000| Untracked 
|  52|0x00000000e3400000, 0x00000000e3400000, 0x00000000e3500000|  0%| F|  |TAMS 0x00000000e3400000, 0x00000000e3400000| Untracked 
|  53|0x00000000e3500000, 0x00000000e3500000, 0x00000000e3600000|  0%| F|  |TAMS 0x00000000e3500000, 0x00000000e3500000| Untracked 
|  54|0x00000000e3600000, 0x00000000e3600000, 0x00000000e3700000|  0%| F|  |TAMS 0x00000000e3600000, 0x00000000e3600000| Untracked 
|  55|0x00000000e3700000, 0x00000000e3700000, 0x00000000e3800000|  0%| F|  |TAMS 0x00000000e3700000, 0x00000000e3700000| Untracked 
|  56|0x00000000e3800000, 0x00000000e3800000, 0x00000000e3900000|  0%| F|  |TAMS 0x00000000e3800000, 0x00000000e3800000| Untracked 
|  57|0x00000000e3900000, 0x00000000e3900000, 0x00000000e3a00000|  0%| F|  |TAMS 0x00000000e3900000, 0x00000000e3900000| Untracked 
|  58|0x00000000e3a00000, 0x00000000e3a00000, 0x00000000e3b00000|  0%| F|  |TAMS 0x00000000e3a00000, 0x00000000e3a00000| Untracked 
|  59|0x00000000e3b00000, 0x00000000e3b00000, 0x00000000e3c00000|  0%| F|  |TAMS 0x00000000e3b00000, 0x00000000e3b00000| Untracked 
|  60|0x00000000e3c00000, 0x00000000e3c00000, 0x00000000e3d00000|  0%| F|  |TAMS 0x00000000e3c00000, 0x00000000e3c00000| Untracked 
|  61|0x00000000e3d00000, 0x00000000e3d00000, 0x00000000e3e00000|  0%| F|  |TAMS 0x00000000e3d00000, 0x00000000e3d00000| Untracked 
|  62|0x00000000e3e00000, 0x00000000e3e00000, 0x00000000e3f00000|  0%| F|  |TAMS 0x00000000e3e00000, 0x00000000e3e00000| Untracked 
|  63|0x00000000e3f00000, 0x00000000e3f00000, 0x00000000e4000000|  0%| F|  |TAMS 0x00000000e3f00000, 0x00000000e3f00000| Untracked 
|  64|0x00000000e4000000, 0x00000000e4000000, 0x00000000e4100000|  0%| F|  |TAMS 0x00000000e4000000, 0x00000000e4000000| Untracked 
|  65|0x00000000e4100000, 0x00000000e4100000, 0x00000000e4200000|  0%| F|  |TAMS 0x00000000e4100000, 0x00000000e4100000| Untracked 
|  66|0x00000000e4200000, 0x00000000e4200000, 0x00000000e4300000|  0%| F|  |TAMS 0x00000000e4200000, 0x00000000e4200000| Untracked 
|  67|0x00000000e4300000, 0x00000000e4300000, 0x00000000e4400000|  0%| F|  |TAMS 0x00000000e4300000, 0x00000000e4300000| Untracked 
|  68|0x00000000e4400000, 0x00000000e4400000, 0x00000000e4500000|  0%| F|  |TAMS 0x00000000e4400000, 0x00000000e4400000| Untracked 
|  69|0x00000000e4500000, 0x00000000e4500000, 0x00000000e4600000|  0%| F|  |TAMS 0x00000000e4500000, 0x00000000e4500000| Untracked 
|  70|0x00000000e4600000, 0x00000000e4600000, 0x00000000e4700000|  0%| F|  |TAMS 0x00000000e4600000, 0x00000000e4600000| Untracked 
|  71|0x00000000e4700000, 0x00000000e4700000, 0x00000000e4800000|  0%| F|  |TAMS 0x00000000e4700000, 0x00000000e4700000| Untracked 
|  72|0x00000000e4800000, 0x00000000e4800000, 0x00000000e4900000|  0%| F|  |TAMS 0x00000000e4800000, 0x00000000e4800000| Untracked 
|  73|0x00000000e4900000, 0x00000000e4900000, 0x00000000e4a00000|  0%| F|  |TAMS 0x00000000e4900000, 0x00000000e4900000| Untracked 
|  74|0x00000000e4a00000, 0x00000000e4a00000, 0x00000000e4b00000|  0%| F|  |TAMS 0x00000000e4a00000, 0x00000000e4a00000| Untracked 
|  75|0x00000000e4b00000, 0x00000000e4b00000, 0x00000000e4c00000|  0%| F|  |TAMS 0x00000000e4b00000, 0x00000000e4b00000| Untracked 
|  76|0x00000000e4c00000, 0x00000000e4c00000, 0x00000000e4d00000|  0%| F|  |TAMS 0x00000000e4c00000, 0x00000000e4c00000| Untracked 
|  77|0x00000000e4d00000, 0x00000000e4d00000, 0x00000000e4e00000|  0%| F|  |TAMS 0x00000000e4d00000, 0x00000000e4d00000| Untracked 
|  78|0x00000000e4e00000, 0x00000000e4e00000, 0x00000000e4f00000|  0%| F|  |TAMS 0x00000000e4e00000, 0x00000000e4e00000| Untracked 
|  79|0x00000000e4f00000, 0x00000000e4f00000, 0x00000000e5000000|  0%| F|  |TAMS 0x00000000e4f00000, 0x00000000e4f00000| Untracked 
|  80|0x00000000e5000000, 0x00000000e5000000, 0x00000000e5100000|  0%| F|  |TAMS 0x00000000e5000000, 0x00000000e5000000| Untracked 
|  81|0x00000000e5100000, 0x00000000e5100000, 0x00000000e5200000|  0%| F|  |TAMS 0x00000000e5100000, 0x00000000e5100000| Untracked 
|  82|0x00000000e5200000, 0x00000000e5200000, 0x00000000e5300000|  0%| F|  |TAMS 0x00000000e5200000, 0x00000000e5200000| Untracked 
|  83|0x00000000e5300000, 0x00000000e5300000, 0x00000000e5400000|  0%| F|  |TAMS 0x00000000e5300000, 0x00000000e5300000| Untracked 
|  84|0x00000000e5400000, 0x00000000e5400000, 0x00000000e5500000|  0%| F|  |TAMS 0x00000000e5400000, 0x00000000e5400000| Untracked 
|  85|0x00000000e5500000, 0x00000000e5500000, 0x00000000e5600000|  0%| F|  |TAMS 0x00000000e5500000, 0x00000000e5500000| Untracked 
|  86|0x00000000e5600000, 0x00000000e5600000, 0x00000000e5700000|  0%| F|  |TAMS 0x00000000e5600000, 0x00000000e5600000| Untracked 
|  87|0x00000000e5700000, 0x00000000e5700000, 0x00000000e5800000|  0%| F|  |TAMS 0x00000000e5700000, 0x00000000e5700000| Untracked 
|  88|0x00000000e5800000, 0x00000000e5800000, 0x00000000e5900000|  0%| F|  |TAMS 0x00000000e5800000, 0x00000000e5800000| Untracked 
|  89|0x00000000e5900000, 0x00000000e5900000, 0x00000000e5a00000|  0%| F|  |TAMS 0x00000000e5900000, 0x00000000e5900000| Untracked 
|  90|0x00000000e5a00000, 0x00000000e5a00000, 0x00000000e5b00000|  0%| F|  |TAMS 0x00000000e5a00000, 0x00000000e5a00000| Untracked 
|  91|0x00000000e5b00000, 0x00000000e5b00000, 0x00000000e5c00000|  0%| F|  |TAMS 0x00000000e5b00000, 0x00000000e5b00000| Untracked 
|  92|0x00000000e5c00000, 0x00000000e5c00000, 0x00000000e5d00000|  0%| F|  |TAMS 0x00000000e5c00000, 0x00000000e5c00000| Untracked 
|  93|0x00000000e5d00000, 0x00000000e5d00000, 0x00000000e5e00000|  0%| F|  |TAMS 0x00000000e5d00000, 0x00000000e5d00000| Untracked 
|  94|0x00000000e5e00000, 0x00000000e5e00000, 0x00000000e5f00000|  0%| F|  |TAMS 0x00000000e5e00000, 0x00000000e5e00000| Untracked 
|  95|0x00000000e5f00000, 0x00000000e5f00000, 0x00000000e6000000|  0%| F|  |TAMS 0x00000000e5f00000, 0x00000000e5f00000| Untracked 
|  96|0x00000000e6000000, 0x00000000e6000000, 0x00000000e6100000|  0%| F|  |TAMS 0x00000000e6000000, 0x00000000e6000000| Untracked 
|  97|0x00000000e6100000, 0x00000000e6100000, 0x00000000e6200000|  0%| F|  |TAMS 0x00000000e6100000, 0x00000000e6100000| Untracked 
|  98|0x00000000e6200000, 0x00000000e6200000, 0x00000000e6300000|  0%| F|  |TAMS 0x00000000e6200000, 0x00000000e6200000| Untracked 
|  99|0x00000000e6300000, 0x00000000e6300000, 0x00000000e6400000|  0%| F|  |TAMS 0x00000000e6300000, 0x00000000e6300000| Untracked 
| 100|0x00000000e6400000, 0x00000000e6400000, 0x00000000e6500000|  0%| F|  |TAMS 0x00000000e6400000, 0x00000000e6400000| Untracked 
| 101|0x00000000e6500000, 0x00000000e6500000, 0x00000000e6600000|  0%| F|  |TAMS 0x00000000e6500000, 0x00000000e6500000| Untracked 
| 102|0x00000000e6600000, 0x00000000e6600000, 0x00000000e6700000|  0%| F|  |TAMS 0x00000000e6600000, 0x00000000e6600000| Untracked 
| 103|0x00000000e6700000, 0x00000000e6700000, 0x00000000e6800000|  0%| F|  |TAMS 0x00000000e6700000, 0x00000000e6700000| Untracked 
| 104|0x00000000e6800000, 0x00000000e6800000, 0x00000000e6900000|  0%| F|  |TAMS 0x00000000e6800000, 0x00000000e6800000| Untracked 
| 105|0x00000000e6900000, 0x00000000e6900000, 0x00000000e6a00000|  0%| F|  |TAMS 0x00000000e6900000, 0x00000000e6900000| Untracked 
| 106|0x00000000e6a00000, 0x00000000e6a00000, 0x00000000e6b00000|  0%| F|  |TAMS 0x00000000e6a00000, 0x00000000e6a00000| Untracked 
| 107|0x00000000e6b00000, 0x00000000e6b00000, 0x00000000e6c00000|  0%| F|  |TAMS 0x00000000e6b00000, 0x00000000e6b00000| Untracked 
| 108|0x00000000e6c00000, 0x00000000e6c00000, 0x00000000e6d00000|  0%| F|  |TAMS 0x00000000e6c00000, 0x00000000e6c00000| Untracked 
| 109|0x00000000e6d00000, 0x00000000e6d00000, 0x00000000e6e00000|  0%| F|  |TAMS 0x00000000e6d00000, 0x00000000e6d00000| Untracked 
| 110|0x00000000e6e00000, 0x00000000e6e00000, 0x00000000e6f00000|  0%| F|  |TAMS 0x00000000e6e00000, 0x00000000e6e00000| Untracked 
| 111|0x00000000e6f00000, 0x00000000e6f00000, 0x00000000e7000000|  0%| F|  |TAMS 0x00000000e6f00000, 0x00000000e6f00000| Untracked 
| 112|0x00000000e7000000, 0x00000000e7000000, 0x00000000e7100000|  0%| F|  |TAMS 0x00000000e7000000, 0x00000000e7000000| Untracked 
| 113|0x00000000e7100000, 0x00000000e7100000, 0x00000000e7200000|  0%| F|  |TAMS 0x00000000e7100000, 0x00000000e7100000| Untracked 
| 114|0x00000000e7200000, 0x00000000e7200000, 0x00000000e7300000|  0%| F|  |TAMS 0x00000000e7200000, 0x00000000e7200000| Untracked 
| 115|0x00000000e7300000, 0x00000000e7300000, 0x00000000e7400000|  0%| F|  |TAMS 0x00000000e7300000, 0x00000000e7300000| Untracked 
| 116|0x00000000e7400000, 0x00000000e7400000, 0x00000000e7500000|  0%| F|  |TAMS 0x00000000e7400000, 0x00000000e7400000| Untracked 
| 117|0x00000000e7500000, 0x00000000e7500000, 0x00000000e7600000|  0%| F|  |TAMS 0x00000000e7500000, 0x00000000e7500000| Untracked 
| 118|0x00000000e7600000, 0x00000000e7600000, 0x00000000e7700000|  0%| F|  |TAMS 0x00000000e7600000, 0x00000000e7600000| Untracked 
| 119|0x00000000e7700000, 0x00000000e7700000, 0x00000000e7800000|  0%| F|  |TAMS 0x00000000e7700000, 0x00000000e7700000| Untracked 
| 120|0x00000000e7800000, 0x00000000e7800000, 0x00000000e7900000|  0%| F|  |TAMS 0x00000000e7800000, 0x00000000e7800000| Untracked 
| 121|0x00000000e7900000, 0x00000000e7900000, 0x00000000e7a00000|  0%| F|  |TAMS 0x00000000e7900000, 0x00000000e7900000| Untracked 
| 122|0x00000000e7a00000, 0x00000000e7a00000, 0x00000000e7b00000|  0%| F|  |TAMS 0x00000000e7a00000, 0x00000000e7a00000| Untracked 
| 123|0x00000000e7b00000, 0x00000000e7b00000, 0x00000000e7c00000|  0%| F|  |TAMS 0x00000000e7b00000, 0x00000000e7b00000| Untracked 
| 124|0x00000000e7c00000, 0x00000000e7c00000, 0x00000000e7d00000|  0%| F|  |TAMS 0x00000000e7c00000, 0x00000000e7c00000| Untracked 
| 125|0x00000000e7d00000, 0x00000000e7d00000, 0x00000000e7e00000|  0%| F|  |TAMS 0x00000000e7d00000, 0x00000000e7d00000| Untracked 
| 126|0x00000000e7e00000, 0x00000000e7e00000, 0x00000000e7f00000|  0%| F|  |TAMS 0x00000000e7e00000, 0x00000000e7e00000| Untracked 
| 127|0x00000000e7f00000, 0x00000000e7f00000, 0x00000000e8000000|  0%| F|  |TAMS 0x00000000e7f00000, 0x00000000e7f00000| Untracked 
| 128|0x00000000e8000000, 0x00000000e8000000, 0x00000000e8100000|  0%| F|  |TAMS 0x00000000e8000000, 0x00000000e8000000| Untracked 
| 129|0x00000000e8100000, 0x00000000e8100000, 0x00000000e8200000|  0%| F|  |TAMS 0x00000000e8100000, 0x00000000e8100000| Untracked 
| 130|0x00000000e8200000, 0x00000000e8200000, 0x00000000e8300000|  0%| F|  |TAMS 0x00000000e8200000, 0x00000000e8200000| Untracked 
| 131|0x00000000e8300000, 0x00000000e8300000, 0x00000000e8400000|  0%| F|  |TAMS 0x00000000e8300000, 0x00000000e8300000| Untracked 
| 132|0x00000000e8400000, 0x00000000e8400000, 0x00000000e8500000|  0%| F|  |TAMS 0x00000000e8400000, 0x00000000e8400000| Untracked 
| 133|0x00000000e8500000, 0x00000000e8500000, 0x00000000e8600000|  0%| F|  |TAMS 0x00000000e8500000, 0x00000000e8500000| Untracked 
| 134|0x00000000e8600000, 0x00000000e8600000, 0x00000000e8700000|  0%| F|  |TAMS 0x00000000e8600000, 0x00000000e8600000| Untracked 
| 135|0x00000000e8700000, 0x00000000e8700000, 0x00000000e8800000|  0%| F|  |TAMS 0x00000000e8700000, 0x00000000e8700000| Untracked 
| 136|0x00000000e8800000, 0x00000000e8800000, 0x00000000e8900000|  0%| F|  |TAMS 0x00000000e8800000, 0x00000000e8800000| Untracked 
| 137|0x00000000e8900000, 0x00000000e8900000, 0x00000000e8a00000|  0%| F|  |TAMS 0x00000000e8900000, 0x00000000e8900000| Untracked 
| 138|0x00000000e8a00000, 0x00000000e8a00000, 0x00000000e8b00000|  0%| F|  |TAMS 0x00000000e8a00000, 0x00000000e8a00000| Untracked 
| 139|0x00000000e8b00000, 0x00000000e8b00000, 0x00000000e8c00000|  0%| F|  |TAMS 0x00000000e8b00000, 0x00000000e8b00000| Untracked 
| 140|0x00000000e8c00000, 0x00000000e8c00000, 0x00000000e8d00000|  0%| F|  |TAMS 0x00000000e8c00000, 0x00000000e8c00000| Untracked 
| 141|0x00000000e8d00000, 0x00000000e8d00000, 0x00000000e8e00000|  0%| F|  |TAMS 0x00000000e8d00000, 0x00000000e8d00000| Untracked 
| 142|0x00000000e8e00000, 0x00000000e8e00000, 0x00000000e8f00000|  0%| F|  |TAMS 0x00000000e8e00000, 0x00000000e8e00000| Untracked 
| 143|0x00000000e8f00000, 0x00000000e8f00000, 0x00000000e9000000|  0%| F|  |TAMS 0x00000000e8f00000, 0x00000000e8f00000| Untracked 
| 144|0x00000000e9000000, 0x00000000e9000000, 0x00000000e9100000|  0%| F|  |TAMS 0x00000000e9000000, 0x00000000e9000000| Untracked 
| 145|0x00000000e9100000, 0x00000000e9100000, 0x00000000e9200000|  0%| F|  |TAMS 0x00000000e9100000, 0x00000000e9100000| Untracked 
| 146|0x00000000e9200000, 0x00000000e9200000, 0x00000000e9300000|  0%| F|  |TAMS 0x00000000e9200000, 0x00000000e9200000| Untracked 
| 147|0x00000000e9300000, 0x00000000e9300000, 0x00000000e9400000|  0%| F|  |TAMS 0x00000000e9300000, 0x00000000e9300000| Untracked 
| 148|0x00000000e9400000, 0x00000000e9400000, 0x00000000e9500000|  0%| F|  |TAMS 0x00000000e9400000, 0x00000000e9400000| Untracked 
| 149|0x00000000e9500000, 0x00000000e9500000, 0x00000000e9600000|  0%| F|  |TAMS 0x00000000e9500000, 0x00000000e9500000| Untracked 
| 150|0x00000000e9600000, 0x00000000e9600000, 0x00000000e9700000|  0%| F|  |TAMS 0x00000000e9600000, 0x00000000e9600000| Untracked 
| 151|0x00000000e9700000, 0x00000000e9700000, 0x00000000e9800000|  0%| F|  |TAMS 0x00000000e9700000, 0x00000000e9700000| Untracked 
| 152|0x00000000e9800000, 0x00000000e9800000, 0x00000000e9900000|  0%| F|  |TAMS 0x00000000e9800000, 0x00000000e9800000| Untracked 
| 153|0x00000000e9900000, 0x00000000e9900000, 0x00000000e9a00000|  0%| F|  |TAMS 0x00000000e9900000, 0x00000000e9900000| Untracked 
| 154|0x00000000e9a00000, 0x00000000e9a00000, 0x00000000e9b00000|  0%| F|  |TAMS 0x00000000e9a00000, 0x00000000e9a00000| Untracked 
| 155|0x00000000e9b00000, 0x00000000e9b00000, 0x00000000e9c00000|  0%| F|  |TAMS 0x00000000e9b00000, 0x00000000e9b00000| Untracked 
| 156|0x00000000e9c00000, 0x00000000e9c00000, 0x00000000e9d00000|  0%| F|  |TAMS 0x00000000e9c00000, 0x00000000e9c00000| Untracked 
| 157|0x00000000e9d00000, 0x00000000e9d00000, 0x00000000e9e00000|  0%| F|  |TAMS 0x00000000e9d00000, 0x00000000e9d00000| Untracked 
| 158|0x00000000e9e00000, 0x00000000e9e00000, 0x00000000e9f00000|  0%| F|  |TAMS 0x00000000e9e00000, 0x00000000e9e00000| Untracked 
| 159|0x00000000e9f00000, 0x00000000e9f00000, 0x00000000ea000000|  0%| F|  |TAMS 0x00000000e9f00000, 0x00000000e9f00000| Untracked 
| 160|0x00000000ea000000, 0x00000000ea000000, 0x00000000ea100000|  0%| F|  |TAMS 0x00000000ea000000, 0x00000000ea000000| Untracked 
| 161|0x00000000ea100000, 0x00000000ea100000, 0x00000000ea200000|  0%| F|  |TAMS 0x00000000ea100000, 0x00000000ea100000| Untracked 
| 162|0x00000000ea200000, 0x00000000ea200000, 0x00000000ea300000|  0%| F|  |TAMS 0x00000000ea200000, 0x00000000ea200000| Untracked 
| 163|0x00000000ea300000, 0x00000000ea300000, 0x00000000ea400000|  0%| F|  |TAMS 0x00000000ea300000, 0x00000000ea300000| Untracked 
| 164|0x00000000ea400000, 0x00000000ea400000, 0x00000000ea500000|  0%| F|  |TAMS 0x00000000ea400000, 0x00000000ea400000| Untracked 
| 165|0x00000000ea500000, 0x00000000ea500000, 0x00000000ea600000|  0%| F|  |TAMS 0x00000000ea500000, 0x00000000ea500000| Untracked 
| 166|0x00000000ea600000, 0x00000000ea600000, 0x00000000ea700000|  0%| F|  |TAMS 0x00000000ea600000, 0x00000000ea600000| Untracked 
| 167|0x00000000ea700000, 0x00000000ea700000, 0x00000000ea800000|  0%| F|  |TAMS 0x00000000ea700000, 0x00000000ea700000| Untracked 
| 168|0x00000000ea800000, 0x00000000ea800000, 0x00000000ea900000|  0%| F|  |TAMS 0x00000000ea800000, 0x00000000ea800000| Untracked 
| 169|0x00000000ea900000, 0x00000000ea900000, 0x00000000eaa00000|  0%| F|  |TAMS 0x00000000ea900000, 0x00000000ea900000| Untracked 
| 170|0x00000000eaa00000, 0x00000000eaa00000, 0x00000000eab00000|  0%| F|  |TAMS 0x00000000eaa00000, 0x00000000eaa00000| Untracked 
| 171|0x00000000eab00000, 0x00000000eab00000, 0x00000000eac00000|  0%| F|  |TAMS 0x00000000eab00000, 0x00000000eab00000| Untracked 
| 172|0x00000000eac00000, 0x00000000eac00000, 0x00000000ead00000|  0%| F|  |TAMS 0x00000000eac00000, 0x00000000eac00000| Untracked 
| 173|0x00000000ead00000, 0x00000000ead00000, 0x00000000eae00000|  0%| F|  |TAMS 0x00000000ead00000, 0x00000000ead00000| Untracked 
| 174|0x00000000eae00000, 0x00000000eae00000, 0x00000000eaf00000|  0%| F|  |TAMS 0x00000000eae00000, 0x00000000eae00000| Untracked 
| 175|0x00000000eaf00000, 0x00000000eaf00000, 0x00000000eb000000|  0%| F|  |TAMS 0x00000000eaf00000, 0x00000000eaf00000| Untracked 
| 176|0x00000000eb000000, 0x00000000eb000000, 0x00000000eb100000|  0%| F|  |TAMS 0x00000000eb000000, 0x00000000eb000000| Untracked 
| 177|0x00000000eb100000, 0x00000000eb100000, 0x00000000eb200000|  0%| F|  |TAMS 0x00000000eb100000, 0x00000000eb100000| Untracked 
| 178|0x00000000eb200000, 0x00000000eb200000, 0x00000000eb300000|  0%| F|  |TAMS 0x00000000eb200000, 0x00000000eb200000| Untracked 
| 179|0x00000000eb300000, 0x00000000eb300000, 0x00000000eb400000|  0%| F|  |TAMS 0x00000000eb300000, 0x00000000eb300000| Untracked 
| 180|0x00000000eb400000, 0x00000000eb400000, 0x00000000eb500000|  0%| F|  |TAMS 0x00000000eb400000, 0x00000000eb400000| Untracked 
| 181|0x00000000eb500000, 0x00000000eb500000, 0x00000000eb600000|  0%| F|  |TAMS 0x00000000eb500000, 0x00000000eb500000| Untracked 
| 182|0x00000000eb600000, 0x00000000eb600000, 0x00000000eb700000|  0%| F|  |TAMS 0x00000000eb600000, 0x00000000eb600000| Untracked 
| 183|0x00000000eb700000, 0x00000000eb700000, 0x00000000eb800000|  0%| F|  |TAMS 0x00000000eb700000, 0x00000000eb700000| Untracked 
| 184|0x00000000eb800000, 0x00000000eb800000, 0x00000000eb900000|  0%| F|  |TAMS 0x00000000eb800000, 0x00000000eb800000| Untracked 
| 185|0x00000000eb900000, 0x00000000eb900000, 0x00000000eba00000|  0%| F|  |TAMS 0x00000000eb900000, 0x00000000eb900000| Untracked 
| 186|0x00000000eba00000, 0x00000000eba00000, 0x00000000ebb00000|  0%| F|  |TAMS 0x00000000eba00000, 0x00000000eba00000| Untracked 
| 187|0x00000000ebb00000, 0x00000000ebb00000, 0x00000000ebc00000|  0%| F|  |TAMS 0x00000000ebb00000, 0x00000000ebb00000| Untracked 
| 188|0x00000000ebc00000, 0x00000000ebc00000, 0x00000000ebd00000|  0%| F|  |TAMS 0x00000000ebc00000, 0x00000000ebc00000| Untracked 
| 189|0x00000000ebd00000, 0x00000000ebd00000, 0x00000000ebe00000|  0%| F|  |TAMS 0x00000000ebd00000, 0x00000000ebd00000| Untracked 
| 190|0x00000000ebe00000, 0x00000000ebe00000, 0x00000000ebf00000|  0%| F|  |TAMS 0x00000000ebe00000, 0x00000000ebe00000| Untracked 
| 191|0x00000000ebf00000, 0x00000000ec000000, 0x00000000ec000000|100%| E|  |TAMS 0x00000000ebf00000, 0x00000000ebf00000| Complete 
| 192|0x00000000ec000000, 0x00000000ec100000, 0x00000000ec100000|100%| E|CS|TAMS 0x00000000ec000000, 0x00000000ec000000| Complete 
| 193|0x00000000ec100000, 0x00000000ec200000, 0x00000000ec200000|100%| E|CS|TAMS 0x00000000ec100000, 0x00000000ec100000| Complete 
| 194|0x00000000ec200000, 0x00000000ec300000, 0x00000000ec300000|100%| E|CS|TAMS 0x00000000ec200000, 0x00000000ec200000| Complete 
| 195|0x00000000ec300000, 0x00000000ec400000, 0x00000000ec400000|100%| E|CS|TAMS 0x00000000ec300000, 0x00000000ec300000| Complete 
| 196|0x00000000ec400000, 0x00000000ec500000, 0x00000000ec500000|100%| E|CS|TAMS 0x00000000ec400000, 0x00000000ec400000| Complete 
| 197|0x00000000ec500000, 0x00000000ec600000, 0x00000000ec600000|100%| E|CS|TAMS 0x00000000ec500000, 0x00000000ec500000| Complete 
| 198|0x00000000ec600000, 0x00000000ec700000, 0x00000000ec700000|100%| E|CS|TAMS 0x00000000ec600000, 0x00000000ec600000| Complete 
| 199|0x00000000ec700000, 0x00000000ec800000, 0x00000000ec800000|100%| E|CS|TAMS 0x00000000ec700000, 0x00000000ec700000| Complete 
| 200|0x00000000ec800000, 0x00000000ec900000, 0x00000000ec900000|100%| E|CS|TAMS 0x00000000ec800000, 0x00000000ec800000| Complete 
| 201|0x00000000ec900000, 0x00000000eca00000, 0x00000000eca00000|100%| E|CS|TAMS 0x00000000ec900000, 0x00000000ec900000| Complete 
| 202|0x00000000eca00000, 0x00000000ecb00000, 0x00000000ecb00000|100%| E|CS|TAMS 0x00000000eca00000, 0x00000000eca00000| Complete 
| 203|0x00000000ecb00000, 0x00000000ecc00000, 0x00000000ecc00000|100%| E|CS|TAMS 0x00000000ecb00000, 0x00000000ecb00000| Complete 
| 204|0x00000000ecc00000, 0x00000000ecd00000, 0x00000000ecd00000|100%| E|CS|TAMS 0x00000000ecc00000, 0x00000000ecc00000| Complete 
| 205|0x00000000ecd00000, 0x00000000ece00000, 0x00000000ece00000|100%| E|CS|TAMS 0x00000000ecd00000, 0x00000000ecd00000| Complete 
| 206|0x00000000ece00000, 0x00000000ecf00000, 0x00000000ecf00000|100%| E|CS|TAMS 0x00000000ece00000, 0x00000000ece00000| Complete 
| 207|0x00000000ecf00000, 0x00000000ed000000, 0x00000000ed000000|100%| E|CS|TAMS 0x00000000ecf00000, 0x00000000ecf00000| Complete 
| 208|0x00000000ed000000, 0x00000000ed100000, 0x00000000ed100000|100%| E|CS|TAMS 0x00000000ed000000, 0x00000000ed000000| Complete 
| 209|0x00000000ed100000, 0x00000000ed200000, 0x00000000ed200000|100%| E|CS|TAMS 0x00000000ed100000, 0x00000000ed100000| Complete 
| 210|0x00000000ed200000, 0x00000000ed300000, 0x00000000ed300000|100%| E|CS|TAMS 0x00000000ed200000, 0x00000000ed200000| Complete 
| 211|0x00000000ed300000, 0x00000000ed400000, 0x00000000ed400000|100%| E|CS|TAMS 0x00000000ed300000, 0x00000000ed300000| Complete 
| 212|0x00000000ed400000, 0x00000000ed500000, 0x00000000ed500000|100%| E|CS|TAMS 0x00000000ed400000, 0x00000000ed400000| Complete 
| 213|0x00000000ed500000, 0x00000000ed600000, 0x00000000ed600000|100%| E|CS|TAMS 0x00000000ed500000, 0x00000000ed500000| Complete 
| 214|0x00000000ed600000, 0x00000000ed700000, 0x00000000ed700000|100%| E|CS|TAMS 0x00000000ed600000, 0x00000000ed600000| Complete 
| 215|0x00000000ed700000, 0x00000000ed800000, 0x00000000ed800000|100%| E|CS|TAMS 0x00000000ed700000, 0x00000000ed700000| Complete 
| 216|0x00000000ed800000, 0x00000000ed900000, 0x00000000ed900000|100%| E|CS|TAMS 0x00000000ed800000, 0x00000000ed800000| Complete 
| 217|0x00000000ed900000, 0x00000000eda00000, 0x00000000eda00000|100%| E|CS|TAMS 0x00000000ed900000, 0x00000000ed900000| Complete 
| 218|0x00000000eda00000, 0x00000000edb00000, 0x00000000edb00000|100%| E|CS|TAMS 0x00000000eda00000, 0x00000000eda00000| Complete 
| 219|0x00000000edb00000, 0x00000000edc00000, 0x00000000edc00000|100%| E|CS|TAMS 0x00000000edb00000, 0x00000000edb00000| Complete 
| 220|0x00000000edc00000, 0x00000000edd00000, 0x00000000edd00000|100%| E|CS|TAMS 0x00000000edc00000, 0x00000000edc00000| Complete 
| 221|0x00000000edd00000, 0x00000000ede00000, 0x00000000ede00000|100%| E|CS|TAMS 0x00000000edd00000, 0x00000000edd00000| Complete 
| 222|0x00000000ede00000, 0x00000000edf00000, 0x00000000edf00000|100%| E|CS|TAMS 0x00000000ede00000, 0x00000000ede00000| Complete 
| 223|0x00000000edf00000, 0x00000000ee000000, 0x00000000ee000000|100%| E|CS|TAMS 0x00000000edf00000, 0x00000000edf00000| Complete 
| 224|0x00000000ee000000, 0x00000000ee100000, 0x00000000ee100000|100%| E|CS|TAMS 0x00000000ee000000, 0x00000000ee000000| Complete 
| 225|0x00000000ee100000, 0x00000000ee200000, 0x00000000ee200000|100%| E|CS|TAMS 0x00000000ee100000, 0x00000000ee100000| Complete 
| 226|0x00000000ee200000, 0x00000000ee300000, 0x00000000ee300000|100%| E|CS|TAMS 0x00000000ee200000, 0x00000000ee200000| Complete 
| 227|0x00000000ee300000, 0x00000000ee400000, 0x00000000ee400000|100%| E|CS|TAMS 0x00000000ee300000, 0x00000000ee300000| Complete 
| 228|0x00000000ee400000, 0x00000000ee4868e8, 0x00000000ee500000| 52%| S|CS|TAMS 0x00000000ee400000, 0x00000000ee400000| Complete 
| 229|0x00000000ee500000, 0x00000000ee600000, 0x00000000ee600000|100%| E|CS|TAMS 0x00000000ee500000, 0x00000000ee500000| Complete 
| 230|0x00000000ee600000, 0x00000000ee700000, 0x00000000ee700000|100%| E|CS|TAMS 0x00000000ee600000, 0x00000000ee600000| Complete 
| 231|0x00000000ee700000, 0x00000000ee800000, 0x00000000ee800000|100%| E|CS|TAMS 0x00000000ee700000, 0x00000000ee700000| Complete 
| 232|0x00000000ee800000, 0x00000000ee900000, 0x00000000ee900000|100%| E|CS|TAMS 0x00000000ee800000, 0x00000000ee800000| Complete 
| 233|0x00000000ee900000, 0x00000000eea00000, 0x00000000eea00000|100%| E|CS|TAMS 0x00000000ee900000, 0x00000000ee900000| Complete 
| 234|0x00000000eea00000, 0x00000000eeb00000, 0x00000000eeb00000|100%| E|CS|TAMS 0x00000000eea00000, 0x00000000eea00000| Complete 
| 235|0x00000000eeb00000, 0x00000000eec00000, 0x00000000eec00000|100%| E|CS|TAMS 0x00000000eeb00000, 0x00000000eeb00000| Complete 
| 236|0x00000000eec00000, 0x00000000eed00000, 0x00000000eed00000|100%| E|CS|TAMS 0x00000000eec00000, 0x00000000eec00000| Complete 
| 237|0x00000000eed00000, 0x00000000eee00000, 0x00000000eee00000|100%| E|CS|TAMS 0x00000000eed00000, 0x00000000eed00000| Complete 
| 238|0x00000000eee00000, 0x00000000eef00000, 0x00000000eef00000|100%| E|CS|TAMS 0x00000000eee00000, 0x00000000eee00000| Complete 
| 239|0x00000000eef00000, 0x00000000ef000000, 0x00000000ef000000|100%| E|CS|TAMS 0x00000000eef00000, 0x00000000eef00000| Complete 
| 240|0x00000000ef000000, 0x00000000ef100000, 0x00000000ef100000|100%| E|CS|TAMS 0x00000000ef000000, 0x00000000ef000000| Complete 
| 241|0x00000000ef100000, 0x00000000ef200000, 0x00000000ef200000|100%| E|CS|TAMS 0x00000000ef100000, 0x00000000ef100000| Complete 
| 242|0x00000000ef200000, 0x00000000ef300000, 0x00000000ef300000|100%| E|CS|TAMS 0x00000000ef200000, 0x00000000ef200000| Complete 
| 243|0x00000000ef300000, 0x00000000ef400000, 0x00000000ef400000|100%| E|CS|TAMS 0x00000000ef300000, 0x00000000ef300000| Complete 
| 244|0x00000000ef400000, 0x00000000ef500000, 0x00000000ef500000|100%| E|CS|TAMS 0x00000000ef400000, 0x00000000ef400000| Complete 
| 245|0x00000000ef500000, 0x00000000ef600000, 0x00000000ef600000|100%| E|CS|TAMS 0x00000000ef500000, 0x00000000ef500000| Complete 
| 246|0x00000000ef600000, 0x00000000ef700000, 0x00000000ef700000|100%| E|CS|TAMS 0x00000000ef600000, 0x00000000ef600000| Complete 
| 247|0x00000000ef700000, 0x00000000ef800000, 0x00000000ef800000|100%| E|CS|TAMS 0x00000000ef700000, 0x00000000ef700000| Complete 
| 248|0x00000000ef800000, 0x00000000ef900000, 0x00000000ef900000|100%| E|CS|TAMS 0x00000000ef800000, 0x00000000ef800000| Complete 
| 249|0x00000000ef900000, 0x00000000efa00000, 0x00000000efa00000|100%| E|CS|TAMS 0x00000000ef900000, 0x00000000ef900000| Complete 
| 250|0x00000000efa00000, 0x00000000efb00000, 0x00000000efb00000|100%| E|CS|TAMS 0x00000000efa00000, 0x00000000efa00000| Complete 
| 251|0x00000000efb00000, 0x00000000efc00000, 0x00000000efc00000|100%| E|CS|TAMS 0x00000000efb00000, 0x00000000efb00000| Complete 
| 252|0x00000000efc00000, 0x00000000efd00000, 0x00000000efd00000|100%| E|CS|TAMS 0x00000000efc00000, 0x00000000efc00000| Complete 
| 253|0x00000000efd00000, 0x00000000efe00000, 0x00000000efe00000|100%| E|CS|TAMS 0x00000000efd00000, 0x00000000efd00000| Complete 
| 254|0x00000000efe00000, 0x00000000eff00000, 0x00000000eff00000|100%| E|CS|TAMS 0x00000000efe00000, 0x00000000efe00000| Complete 
| 255|0x00000000eff00000, 0x00000000f0000000, 0x00000000f0000000|100%| E|CS|TAMS 0x00000000eff00000, 0x00000000eff00000| Complete 

Card table byte_map: [0x000002af7b7d0000,0x000002af7b8d0000] _byte_map_base: 0x000002af7b0d0000

Marking Bits (Prev, Next): (CMBitMap*) 0x000002af72035330, (CMBitMap*) 0x000002af72035370
 Prev Bits: [0x000002af7b9d0000, 0x000002af7c1d0000)
 Next Bits: [0x000002af7c1d0000, 0x000002af7c9d0000)

Polling page: 0x000002af720e0000

Metaspace:

Usage:
  Non-class:     12.38 MB used.
      Class:      2.00 MB used.
       Both:     14.38 MB used.

Virtual space:
  Non-class space:       64.00 MB reserved,      12.50 MB ( 20%) committed,  1 nodes.
      Class space:      320.00 MB reserved,       2.19 MB ( <1%) committed,  1 nodes.
             Both:      384.00 MB reserved,      14.69 MB (  4%) committed. 

Chunk freelists:
   Non-Class:  3.30 MB
       Class:  13.80 MB
        Both:  17.09 MB

MaxMetaspaceSize: 384.00 MB
CompressedClassSpaceSize: 320.00 MB
Initial GC threshold: 21.00 MB
Current GC threshold: 21.00 MB
CDS: on
MetaspaceReclaimPolicy: balanced
 - commit_granule_bytes: 65536.
 - commit_granule_words: 8192.
 - virtual_space_node_default_size: 8388608.
 - enlarge_chunks_in_place: 1.
 - new_chunks_are_fully_committed: 0.
 - uncommit_free_chunks: 1.
 - use_allocation_guard: 0.
 - handle_deallocations: 1.


Internal statistics:

num_allocs_failed_limit: 0.
num_arena_births: 218.
num_arena_deaths: 0.
num_vsnodes_births: 2.
num_vsnodes_deaths: 0.
num_space_committed: 235.
num_space_uncommitted: 0.
num_chunks_returned_to_freelist: 0.
num_chunks_taken_from_freelist: 663.
num_chunk_merges: 0.
num_chunk_splits: 447.
num_chunks_enlarged: 333.
num_purges: 0.
num_inconsistent_stats: 0.

CodeHeap 'non-profiled nmethods': size=120000Kb used=1163Kb max_used=1163Kb free=118836Kb
 bounds [0x000002af07ad0000, 0x000002af07d40000, 0x000002af0f000000]
CodeHeap 'profiled nmethods': size=120000Kb used=4675Kb max_used=4675Kb free=115324Kb
 bounds [0x000002af00000000, 0x000002af004a0000, 0x000002af07530000]
CodeHeap 'non-nmethods': size=5760Kb used=1217Kb max_used=1227Kb free=4543Kb
 bounds [0x000002af07530000, 0x000002af077a0000, 0x000002af07ad0000]
 total_blobs=2845 nmethods=2319 adapters=438
 compilation: enabled
              stopped_count=0, restarted_count=0
 full_count=0

Compilation events (20 events):
Event: 4.585 Thread 0x000002af7efb4990 2260       3       jdk.internal.org.objectweb.asm.MethodWriter::computeAllFrames (510 bytes)
Event: 4.587 Thread 0x000002af7efb4990 nmethod 2260 0x000002af0045e690 code [0x000002af0045e9e0, 0x000002af0045fe48]
Event: 4.587 Thread 0x000002af7efb4990 2261   !   3       java.util.jar.Attributes::read (494 bytes)
Event: 4.593 Thread 0x000002af7efb4990 nmethod 2261 0x000002af00460910 code [0x000002af004610e0, 0x000002af004650e8]
Event: 4.593 Thread 0x000002af7efb4990 2259       3       jdk.internal.org.objectweb.asm.Frame::getConcreteOutputType (111 bytes)
Event: 4.593 Thread 0x000002af7efb4990 nmethod 2259 0x000002af00466a10 code [0x000002af00466bc0, 0x000002af00466f98]
Event: 4.593 Thread 0x000002af7efb4990 2258       3       jdk.internal.org.objectweb.asm.Frame::putAbstractType (379 bytes)
Event: 4.595 Thread 0x000002af7efb4990 nmethod 2258 0x000002af00467110 code [0x000002af00467540, 0x000002af00468c78]
Event: 4.639 Thread 0x000002af7efb4990 2263       3       org.gradle.internal.service.DefaultServiceRegistry$OwnServices::getProviders (26 bytes)
Event: 4.639 Thread 0x000002af7efb4990 nmethod 2263 0x000002af00469690 code [0x000002af00469840, 0x000002af00469bc8]
Event: 4.639 Thread 0x000002af7efb4990 2262       1       org.gradle.internal.service.DefaultServiceRegistry::access$1700 (5 bytes)
Event: 4.640 Thread 0x000002af7efb4990 nmethod 2262 0x000002af07bf0310 code [0x000002af07bf04a0, 0x000002af07bf0558]
Event: 4.640 Thread 0x000002af7efb4990 2264       3       org.gradle.internal.service.DefaultServiceRegistry$OwnServices::getService (309 bytes)
Event: 4.642 Thread 0x000002af7efb4990 nmethod 2264 0x000002af00469d10 code [0x000002af0046a240, 0x000002af0046d108]
Event: 4.649 Thread 0x000002af7efb4990 2266       3       java.lang.invoke.InvokerBytecodeGenerator::emitStoreInsn (21 bytes)
Event: 4.649 Thread 0x000002af7efb4990 nmethod 2266 0x000002af0046de90 code [0x000002af0046e040, 0x000002af0046e298]
Event: 4.656 Thread 0x000002af7efb4990 2267       3       org.gradle.internal.service.DefaultServiceRegistry$SingletonService::get (5 bytes)
Event: 4.656 Thread 0x000002af7efb4990 nmethod 2267 0x000002af0046e410 code [0x000002af0046e5a0, 0x000002af0046e6e8]
Event: 4.656 Thread 0x000002af7efb4990 2268   !   3       org.gradle.internal.service.DefaultServiceRegistry$ManagedObjectServiceProvider::getInstance (47 bytes)
Event: 4.657 Thread 0x000002af7efb4990 nmethod 2268 0x000002af0046e790 code [0x000002af0046e960, 0x000002af0046ee58]

GC Heap History (6 events):
Event: 0.722 GC heap before
{Heap before GC invocations=0 (full 0):
 garbage-first heap   total 262144K, used 12288K [0x00000000e0000000, 0x0000000100000000)
  region size 1024K, 13 young (13312K), 0 survivors (0K)
 Metaspace       used 1001K, committed 1152K, reserved 393216K
  class space    used 75K, committed 128K, reserved 327680K
}
Event: 0.726 GC heap after
{Heap after GC invocations=1 (full 0):
 garbage-first heap   total 262144K, used 3216K [0x00000000e0000000, 0x0000000100000000)
  region size 1024K, 2 young (2048K), 2 survivors (2048K)
 Metaspace       used 1001K, committed 1152K, reserved 393216K
  class space    used 75K, committed 128K, reserved 327680K
}
Event: 1.547 GC heap before
{Heap before GC invocations=1 (full 0):
 garbage-first heap   total 262144K, used 22672K [0x00000000e0000000, 0x0000000100000000)
  region size 1024K, 18 young (18432K), 2 survivors (2048K)
 Metaspace       used 3860K, committed 4032K, reserved 393216K
  class space    used 481K, committed 576K, reserved 327680K
}
Event: 1.555 GC heap after
{Heap after GC invocations=2 (full 0):
 garbage-first heap   total 262144K, used 10615K [0x00000000e0000000, 0x0000000100000000)
  region size 1024K, 3 young (3072K), 3 survivors (3072K)
 Metaspace       used 3860K, committed 4032K, reserved 393216K
  class space    used 481K, committed 576K, reserved 327680K
}
Event: 2.088 GC heap before
{Heap before GC invocations=2 (full 0):
 garbage-first heap   total 262144K, used 34167K [0x00000000e0000000, 0x0000000100000000)
  region size 1024K, 27 young (27648K), 3 survivors (3072K)
 Metaspace       used 4038K, committed 4224K, reserved 393216K
  class space    used 491K, committed 576K, reserved 327680K
}
Event: 2.092 GC heap after
{Heap after GC invocations=3 (full 0):
 garbage-first heap   total 262144K, used 11203K [0x00000000e0000000, 0x0000000100000000)
  region size 1024K, 1 young (1024K), 1 survivors (1024K)
 Metaspace       used 4038K, committed 4224K, reserved 393216K
  class space    used 491K, committed 576K, reserved 327680K
}

Deoptimization events (20 events):
Event: 3.958 Thread 0x000002af29f8a770 Uncommon trap: trap_request=0xffffffc6 fr.pc=0x000002af07b5d84c relative=0x000000000000012c
Event: 3.958 Thread 0x000002af29f8a770 Uncommon trap: reason=bimorphic_or_optimized_type_check action=maybe_recompile pc=0x000002af07b5d84c method=java.util.AbstractList$Itr.next()Ljava/lang/Object; @ 14 c2
Event: 3.958 Thread 0x000002af29f8a770 DEOPT PACKING pc=0x000002af07b5d84c sp=0x000000f2fd0fda10
Event: 3.958 Thread 0x000002af29f8a770 DEOPT UNPACKING pc=0x000002af075823a3 sp=0x000000f2fd0fd9a8 mode 2
Event: 4.052 Thread 0x000002af29f8c920 Uncommon trap: trap_request=0xffffff45 fr.pc=0x000002af07b5375c relative=0x0000000000000a1c
Event: 4.052 Thread 0x000002af29f8c920 Uncommon trap: reason=unstable_if action=reinterpret pc=0x000002af07b5375c method=java.util.regex.Matcher.reset()Ljava/util/regex/Matcher; @ 47 c2
Event: 4.052 Thread 0x000002af29f8c920 DEOPT PACKING pc=0x000002af07b5375c sp=0x000000f2fd2fdee0
Event: 4.052 Thread 0x000002af29f8c920 DEOPT UNPACKING pc=0x000002af075823a3 sp=0x000000f2fd2fde28 mode 2
Event: 4.052 Thread 0x000002af29f8c920 Uncommon trap: trap_request=0xffffff45 fr.pc=0x000002af07aefc14 relative=0x0000000000000434
Event: 4.052 Thread 0x000002af29f8c920 Uncommon trap: reason=unstable_if action=reinterpret pc=0x000002af07aefc14 method=java.util.regex.Matcher.match(II)Z @ 76 c2
Event: 4.052 Thread 0x000002af29f8c920 DEOPT PACKING pc=0x000002af07aefc14 sp=0x000000f2fd2fdee0
Event: 4.052 Thread 0x000002af29f8c920 DEOPT UNPACKING pc=0x000002af075823a3 sp=0x000000f2fd2fdeb0 mode 2
Event: 4.320 Thread 0x000002af29f8c450 Uncommon trap: trap_request=0xffffff45 fr.pc=0x000002af07b0e278 relative=0x0000000000000438
Event: 4.320 Thread 0x000002af29f8c450 Uncommon trap: reason=unstable_if action=reinterpret pc=0x000002af07b0e278 method=java.util.HashMap.getNode(Ljava/lang/Object;)Ljava/util/HashMap$Node; @ 66 c2
Event: 4.320 Thread 0x000002af29f8c450 DEOPT PACKING pc=0x000002af07b0e278 sp=0x000000f2fd4fc5f0
Event: 4.320 Thread 0x000002af29f8c450 DEOPT UNPACKING pc=0x000002af075823a3 sp=0x000000f2fd4fc570 mode 2
Event: 4.331 Thread 0x000002af29f8c450 Uncommon trap: trap_request=0xffffff45 fr.pc=0x000002af07b7b278 relative=0x0000000000000258
Event: 4.331 Thread 0x000002af29f8c450 Uncommon trap: reason=unstable_if action=reinterpret pc=0x000002af07b7b278 method=java.util.concurrent.ConcurrentHashMap.get(Ljava/lang/Object;)Ljava/lang/Object; @ 76 c2
Event: 4.331 Thread 0x000002af29f8c450 DEOPT PACKING pc=0x000002af07b7b278 sp=0x000000f2fd4fbb50
Event: 4.331 Thread 0x000002af29f8c450 DEOPT UNPACKING pc=0x000002af075823a3 sp=0x000000f2fd4fbac8 mode 2

Classes unloaded (0 events):
No events

Classes redefined (0 events):
No events

Internal exceptions (20 events):
Event: 3.205 Thread 0x000002af72005b70 Exception <a 'java/lang/NoSuchMethodError'{0x00000000ee1ad3d8}: 'java.lang.Object java.lang.invoke.DirectMethodHandle$Holder.invokeStaticInit(java.lang.Object, int, int, int, int)'> (0x00000000ee1ad3d8) 
thrown [s\open\src\hotspot\share\interpreter\linkResolver.cpp, line 759]
Event: 3.285 Thread 0x000002af72005b70 Exception <a 'java/lang/NoSuchMethodError'{0x00000000ee040030}: 'java.lang.Object java.lang.invoke.DirectMethodHandle$Holder.invokeStaticInit(java.lang.Object, java.lang.Object, int, int, int, int)'> (0x00000000ee040030) 
thrown [s\open\src\hotspot\share\interpreter\linkResolver.cpp, line 759]
Event: 3.647 Thread 0x000002af72005b70 Exception <a 'java/lang/NoSuchMethodError'{0x00000000edec7170}: 'void java.lang.invoke.DirectMethodHandle$Holder.invokeStatic(java.lang.Object, java.lang.Object, java.lang.Object)'> (0x00000000edec7170) 
thrown [s\open\src\hotspot\share\interpreter\linkResolver.cpp, line 759]
Event: 3.689 Thread 0x000002af72005b70 Exception <a 'java/io/IOException'{0x00000000edd835a8}> (0x00000000edd835a8) 
thrown [s\open\src\hotspot\share\prims\jni.cpp, line 516]
Event: 4.100 Thread 0x000002af29f8c920 Exception <a 'java/lang/NoSuchMethodError'{0x00000000ed9af4c8}: static Lorg/gradle/tooling/internal/provider/serialization/ClassLoaderDetails;.<clinit>()V> (0x00000000ed9af4c8) 
thrown [s\open\src\hotspot\share\prims\jni.cpp, line 1107]
Event: 4.104 Thread 0x000002af29f8c920 Exception <a 'java/lang/NoSuchMethodError'{0x00000000ed9c82e8}: static Lorg/gradle/internal/classloader/ClassLoaderSpec;.<clinit>()V> (0x00000000ed9c82e8) 
thrown [s\open\src\hotspot\share\prims\jni.cpp, line 1107]
Event: 4.104 Thread 0x000002af29f8c920 Exception <a 'java/lang/NoSuchMethodError'{0x00000000ed9d1aa0}: static Lorg/gradle/tooling/internal/provider/serialization/WellKnownClassLoaderRegistry$KnownClassLoaderSpec;.<clinit>()V> (0x00000000ed9d1aa0) 
thrown [s\open\src\hotspot\share\prims\jni.cpp, line 1107]
Event: 4.107 Thread 0x000002af29f8c920 Exception <a 'java/lang/NoSuchMethodError'{0x00000000ed9e7860}: static Lorg/gradle/tooling/internal/provider/serialization/ClientOwnedClassLoaderSpec;.<clinit>()V> (0x00000000ed9e7860) 
thrown [s\open\src\hotspot\share\prims\jni.cpp, line 1107]
Event: 4.199 Thread 0x000002af29f8c450 Exception <a 'java/lang/NoSuchMethodError'{0x00000000ed58dc88}: 'long java.lang.invoke.DirectMethodHandle$Holder.invokeInterface(java.lang.Object, java.lang.Object)'> (0x00000000ed58dc88) 
thrown [s\open\src\hotspot\share\interpreter\linkResolver.cpp, line 759]
Event: 4.205 Thread 0x000002af29f8c450 Exception <a 'java/lang/NoSuchMethodError'{0x00000000ed5c5a08}: 'java.lang.Object java.lang.invoke.DirectMethodHandle$Holder.invokeVirtual(java.lang.Object, java.lang.Object, java.lang.Object)'> (0x00000000ed5c5a08) 
thrown [s\open\src\hotspot\share\interpreter\linkResolver.cpp, line 759]
Event: 4.286 Thread 0x000002af29f8c450 Exception <a 'java/lang/NoSuchMethodError'{0x00000000ed178d80}: 'void java.lang.invoke.DirectMethodHandle$Holder.invokeStatic(java.lang.Object, java.lang.Object)'> (0x00000000ed178d80) 
thrown [s\open\src\hotspot\share\interpreter\linkResolver.cpp, line 759]
Event: 4.394 Thread 0x000002af29f8c450 Exception <a 'java/lang/NoSuchMethodError'{0x00000000ecde6738}: 'java.lang.Object java.lang.invoke.DirectMethodHandle$Holder.newInvokeSpecial(java.lang.Object, java.lang.Object, java.lang.Object, java.lang.Object, java.lang.Object, java.lang.Object)'> (0x00000000ecde6738) 
thrown [s\open\src\hotspot\share\interpreter\linkResolver.cpp, line 759]
Event: 4.397 Thread 0x000002af29f8c450 Exception <a 'java/lang/NoSuchMethodError'{0x00000000ecc02ad0}: 'void java.lang.invoke.DirectMethodHandle$Holder.invokeSpecial(java.lang.Object, java.lang.Object, java.lang.Object, java.lang.Object, java.lang.Object)'> (0x00000000ecc02ad0) 
thrown [s\open\src\hotspot\share\interpreter\linkResolver.cpp, line 759]
Event: 4.399 Thread 0x000002af29f8c450 Exception <a 'java/lang/NoSuchMethodError'{0x00000000ecc16970}: 'void java.lang.invoke.DirectMethodHandle$Holder.invokeStaticInit(java.lang.Object, java.lang.Object)'> (0x00000000ecc16970) 
thrown [s\open\src\hotspot\share\interpreter\linkResolver.cpp, line 759]
Event: 4.425 Thread 0x000002af29f8c450 Exception <a 'java/lang/NoSuchMethodError'{0x00000000ecb1c478}: 'java.lang.Object java.lang.invoke.DirectMethodHandle$Holder.newInvokeSpecial(java.lang.Object, java.lang.Object, java.lang.Object, int, java.lang.Object, java.lang.Object)'> (0x00000000ecb1c478) 
thrown [s\open\src\hotspot\share\interpreter\linkResolver.cpp, line 759]
Event: 4.468 Thread 0x000002af29f8c450 Exception <a 'java/lang/NoSuchMethodError'{0x00000000ecada630}: 'void java.lang.invoke.DelegatingMethodHandle$Holder.reinvoke_L(java.lang.Object, java.lang.Object, java.lang.Object, java.lang.Object, java.lang.Object, java.lang.Object, java.lang.Object, java.lang.Object, java.lang.Object, java.lang.Object)'> (0x00000000ecada630) 
thrown [s\open\src\hotspot\share\interpreter\linkResolver.cpp, line 759]
Event: 4.469 Thread 0x000002af29f8c450 Exception <a 'java/lang/NoSuchMethodError'{0x00000000ecae2aa0}: 'java.lang.Object java.lang.invoke.DirectMethodHandle$Holder.invokeSpecial(java.lang.Object, java.lang.Object, java.lang.Object, java.lang.Object, java.lang.Object, java.lang.Object, java.lang.Object, java.lang.Object, java.lang.Object, java.lang.Object)'> (0x00000000ecae2aa0) 
thrown [s\open\src\hotspot\share\interpreter\linkResolver.cpp, line 759]
Event: 4.469 Thread 0x000002af29f8c450 Exception <a 'java/lang/NoSuchMethodError'{0x00000000ecae7370}: 'java.lang.Object java.lang.invoke.Invokers$Holder.invoker(java.lang.Object, java.lang.Object, java.lang.Object, java.lang.Object, java.lang.Object, java.lang.Object, java.lang.Object, java.lang.Object, java.lang.Object, java.lang.Object)'> (0x00000000ecae7370) 
thrown [s\open\src\hotspot\share\interpreter\linkResolver.cpp, line 759]
Event: 4.470 Thread 0x000002af29f8c450 Exception <a 'java/lang/NoSuchMethodError'{0x00000000ecaecef8}: 'java.lang.Object java.lang.invoke.DirectMethodHandle$Holder.invokeSpecial(java.lang.Object, java.lang.Object, java.lang.Object, java.lang.Object, java.lang.Object, java.lang.Object, java.lang.Object, java.lang.Object, java.lang.Object, java.lang.Object, java.lang.Object)'> (0x00000000ecaecef8) 
thrown [s\open\src\hotspot\share\interpreter\linkResolver.cpp, line 759]
Event: 4.649 Thread 0x000002af29f8c450 Exception <a 'java/lang/NoSuchMethodError'{0x00000000ec4e0d60}: 'void java.lang.invoke.DirectMethodHandle$Holder.invokeStaticInit(java.lang.Object)'> (0x00000000ec4e0d60) 
thrown [s\open\src\hotspot\share\interpreter\linkResolver.cpp, line 759]

VM Operations (20 events):
Event: 2.746 Executing VM operation: HandshakeAllThreads
Event: 2.746 Executing VM operation: HandshakeAllThreads done
Event: 2.976 Executing VM operation: HandshakeAllThreads
Event: 2.976 Executing VM operation: HandshakeAllThreads done
Event: 3.107 Executing VM operation: HandshakeAllThreads
Event: 3.107 Executing VM operation: HandshakeAllThreads done
Event: 3.107 Executing VM operation: Cleanup
Event: 3.108 Executing VM operation: Cleanup done
Event: 3.185 Executing VM operation: HandshakeAllThreads
Event: 3.185 Executing VM operation: HandshakeAllThreads done
Event: 3.278 Executing VM operation: HandshakeAllThreads
Event: 3.278 Executing VM operation: HandshakeAllThreads done
Event: 3.633 Executing VM operation: HandshakeAllThreads
Event: 3.633 Executing VM operation: HandshakeAllThreads done
Event: 3.791 Executing VM operation: HandshakeAllThreads
Event: 3.791 Executing VM operation: HandshakeAllThreads done
Event: 4.435 Executing VM operation: HandshakeAllThreads
Event: 4.436 Executing VM operation: HandshakeAllThreads done
Event: 4.436 Executing VM operation: Cleanup
Event: 4.436 Executing VM operation: Cleanup done

Events (20 events):
Event: 4.416 loading class java/util/ConcurrentModificationException
Event: 4.416 loading class java/util/ConcurrentModificationException done
Event: 4.438 loading class sun/reflect/generics/scope/ConstructorScope
Event: 4.438 loading class sun/reflect/generics/scope/ConstructorScope done
Event: 4.438 loading class sun/reflect/generics/tree/VoidDescriptor
Event: 4.438 loading class sun/reflect/generics/tree/VoidDescriptor done
Event: 4.487 loading class java/io/UncheckedIOException
Event: 4.488 loading class java/io/UncheckedIOException done
Event: 4.598 loading class java/nio/file/attribute/PosixFilePermission
Event: 4.624 loading class java/nio/file/attribute/PosixFilePermission done
Event: 4.624 loading class java/nio/file/NoSuchFileException
Event: 4.625 loading class java/nio/file/FileSystemException
Event: 4.625 loading class java/nio/file/FileSystemException done
Event: 4.625 loading class java/nio/file/NoSuchFileException done
Event: 4.626 loading class java/nio/file/attribute/PosixFilePermissions
Event: 4.626 loading class java/nio/file/attribute/PosixFilePermissions done
Event: 4.626 loading class java/nio/file/attribute/PosixFilePermissions$1
Event: 4.626 loading class java/nio/file/attribute/PosixFilePermissions$1 done
Event: 4.628 loading class sun/invoke/util/VerifyAccess$1
Event: 4.639 loading class sun/invoke/util/VerifyAccess$1 done


Dynamic libraries:
0x00007ff73e850000 - 0x00007ff73e860000 	C:\Program Files\Java\jdk-17\bin\java.exe
0x00007ffe14e30000 - 0x00007ffe15028000 	C:\WINDOWS\SYSTEM32\ntdll.dll
0x00007ffe13b90000 - 0x00007ffe13c4d000 	C:\WINDOWS\System32\KERNEL32.DLL
0x00007ffe12b20000 - 0x00007ffe12e16000 	C:\WINDOWS\System32\KERNELBASE.dll
0x00007ffe12860000 - 0x00007ffe12960000 	C:\WINDOWS\System32\ucrtbase.dll
0x00007ffe060c0000 - 0x00007ffe060d9000 	C:\Program Files\Java\jdk-17\bin\jli.dll
0x00007ffe082a0000 - 0x00007ffe082bb000 	C:\Program Files\Java\jdk-17\bin\VCRUNTIME140.dll
0x00007ffe13660000 - 0x00007ffe13713000 	C:\WINDOWS\System32\ADVAPI32.dll
0x00007ffe137a0000 - 0x00007ffe1383e000 	C:\WINDOWS\System32\msvcrt.dll
0x00007ffe135c0000 - 0x00007ffe1365f000 	C:\WINDOWS\System32\sechost.dll
0x00007ffe13490000 - 0x00007ffe135b6000 	C:\WINDOWS\System32\RPCRT4.dll
0x00007ffe12830000 - 0x00007ffe12857000 	C:\WINDOWS\System32\bcrypt.dll
0x00007ffe13910000 - 0x00007ffe13aae000 	C:\WINDOWS\System32\USER32.dll
0x00007ffe12800000 - 0x00007ffe12822000 	C:\WINDOWS\System32\win32u.dll
0x00007ffe08760000 - 0x00007ffe089fa000 	C:\WINDOWS\WinSxS\amd64_microsoft.windows.common-controls_6595b64144ccf1df_6.0.19041.3636_none_60b6a03d71f818d5\COMCTL32.dll
0x00007ffe14770000 - 0x00007ffe1479b000 	C:\WINDOWS\System32\GDI32.dll
0x00007ffe12580000 - 0x00007ffe12697000 	C:\WINDOWS\System32\gdi32full.dll
0x00007ffe12a10000 - 0x00007ffe12aad000 	C:\WINDOWS\System32\msvcp_win.dll
0x00007ffe0cfc0000 - 0x00007ffe0cfca000 	C:\WINDOWS\SYSTEM32\VERSION.dll
0x00007ffe14450000 - 0x00007ffe14482000 	C:\WINDOWS\System32\IMM32.DLL
0x00007ffe0bfa0000 - 0x00007ffe0bfac000 	C:\Program Files\Java\jdk-17\bin\vcruntime140_1.dll
0x00007ffdf4160000 - 0x00007ffdf41ee000 	C:\Program Files\Java\jdk-17\bin\msvcp140.dll
0x00007ffddce90000 - 0x00007ffddda6e000 	C:\Program Files\Java\jdk-17\bin\server\jvm.dll
0x00007ffe149b0000 - 0x00007ffe149b8000 	C:\WINDOWS\System32\PSAPI.DLL
0x00007ffe086f0000 - 0x00007ffe08717000 	C:\WINDOWS\SYSTEM32\WINMM.dll
0x00007ffe06d90000 - 0x00007ffe06d99000 	C:\WINDOWS\SYSTEM32\WSOCK32.dll
0x00007ffe13840000 - 0x00007ffe138ab000 	C:\WINDOWS\System32\WS2_32.dll
0x00007ffe10e60000 - 0x00007ffe10e72000 	C:\WINDOWS\SYSTEM32\kernel.appcore.dll
0x00007ffe08360000 - 0x00007ffe0836a000 	C:\Program Files\Java\jdk-17\bin\jimage.dll
0x00007ffe10a00000 - 0x00007ffe10be4000 	C:\WINDOWS\SYSTEM32\DBGHELP.DLL
0x00007ffe0bca0000 - 0x00007ffe0bcd4000 	C:\WINDOWS\SYSTEM32\dbgcore.DLL
0x00007ffe124f0000 - 0x00007ffe12572000 	C:\WINDOWS\System32\bcryptPrimitives.dll
0x00007ffe0e4e0000 - 0x00007ffe0e4ee000 	C:\Program Files\Java\jdk-17\bin\instrument.dll
0x00007ffe05fc0000 - 0x00007ffe05fe5000 	C:\Program Files\Java\jdk-17\bin\java.dll
0x00007ffde6c00000 - 0x00007ffde6cd7000 	C:\Program Files\Java\jdk-17\bin\jsvml.dll
0x00007ffe13c50000 - 0x00007ffe14395000 	C:\WINDOWS\System32\SHELL32.dll
0x00007ffe10170000 - 0x00007ffe1090c000 	C:\WINDOWS\SYSTEM32\windows.storage.dll
0x00007ffe14a90000 - 0x00007ffe14de4000 	C:\WINDOWS\System32\combase.dll
0x00007ffe11e50000 - 0x00007ffe11e7e000 	C:\WINDOWS\SYSTEM32\Wldp.dll
0x00007ffe145c0000 - 0x00007ffe1468d000 	C:\WINDOWS\System32\OLEAUT32.dll
0x00007ffe149e0000 - 0x00007ffe14a8d000 	C:\WINDOWS\System32\SHCORE.dll
0x00007ffe14950000 - 0x00007ffe149a5000 	C:\WINDOWS\System32\shlwapi.dll
0x00007ffe12420000 - 0x00007ffe12445000 	C:\WINDOWS\SYSTEM32\profapi.dll
0x00007ffe05020000 - 0x00007ffe05038000 	C:\Program Files\Java\jdk-17\bin\zip.dll
0x00007ffe060a0000 - 0x00007ffe060b9000 	C:\Program Files\Java\jdk-17\bin\net.dll
0x00007ffe0bd70000 - 0x00007ffe0be7a000 	C:\WINDOWS\SYSTEM32\WINHTTP.dll
0x00007ffe11bb0000 - 0x00007ffe11c1a000 	C:\WINDOWS\system32\mswsock.dll
0x00007ffe05040000 - 0x00007ffe05056000 	C:\Program Files\Java\jdk-17\bin\nio.dll
0x00007ffe05fb0000 - 0x00007ffe05fc0000 	C:\Program Files\Java\jdk-17\bin\verify.dll
0x00007ffe0c7c0000 - 0x00007ffe0c7e7000 	C:\Users\Imran Shaikh\.gradle\native\c067742578af261105cb4f569cf0c3c89f3d7b1fecec35dd04571415982c5e48\windows-amd64\native-platform.dll
0x00007ffddf3a0000 - 0x00007ffddf4e4000 	C:\Users\Imran Shaikh\.gradle\native\38dada09dfb8b06ba9b0570ebf7e218e3eb74d4ef43ca46872605cf95ebc2f47\windows-amd64\native-platform-file-events.dll
0x00007ffe0e4d0000 - 0x00007ffe0e4da000 	C:\Program Files\Java\jdk-17\bin\management.dll
0x00007ffe0e4c0000 - 0x00007ffe0e4cb000 	C:\Program Files\Java\jdk-17\bin\management_ext.dll
0x00007ffe11da0000 - 0x00007ffe11db8000 	C:\WINDOWS\SYSTEM32\CRYPTSP.dll
0x00007ffe114e0000 - 0x00007ffe11514000 	C:\WINDOWS\system32\rsaenh.dll
0x00007ffe123e0000 - 0x00007ffe1240e000 	C:\WINDOWS\SYSTEM32\USERENV.dll
0x00007ffe11dc0000 - 0x00007ffe11dcc000 	C:\WINDOWS\SYSTEM32\CRYPTBASE.dll
0x00007ffe118a0000 - 0x00007ffe118db000 	C:\WINDOWS\SYSTEM32\IPHLPAPI.DLL
0x00007ffe13780000 - 0x00007ffe13788000 	C:\WINDOWS\System32\NSI.dll
0x00007ffe0c0f0000 - 0x00007ffe0c107000 	C:\WINDOWS\SYSTEM32\dhcpcsvc6.DLL
0x00007ffe0c3f0000 - 0x00007ffe0c40d000 	C:\WINDOWS\SYSTEM32\dhcpcsvc.DLL
0x00007ffe118e0000 - 0x00007ffe119ab000 	C:\WINDOWS\SYSTEM32\DNSAPI.dll
0x00007ffe0e4b0000 - 0x00007ffe0e4be000 	C:\Program Files\Java\jdk-17\bin\sunmscapi.dll
0x00007ffe126a0000 - 0x00007ffe127fd000 	C:\WINDOWS\System32\CRYPT32.dll
0x00007ffe11ec0000 - 0x00007ffe11ee8000 	C:\WINDOWS\SYSTEM32\ncrypt.dll
0x00007ffe11e80000 - 0x00007ffe11ebb000 	C:\WINDOWS\SYSTEM32\NTASN1.dll
0x00007ffdf4ee0000 - 0x00007ffdf4ee7000 	C:\WINDOWS\system32\wshunix.dll

dbghelp: loaded successfully - version: 4.0.5 - missing functions: none
symbol engine: initialized successfully - sym options: 0x614 - pdb path: .;C:\Program Files\Java\jdk-17\bin;C:\WINDOWS\SYSTEM32;C:\WINDOWS\WinSxS\amd64_microsoft.windows.common-controls_6595b64144ccf1df_6.0.19041.3636_none_60b6a03d71f818d5;C:\Program Files\Java\jdk-17\bin\server;C:\Users\Imran Shaikh\.gradle\native\c067742578af261105cb4f569cf0c3c89f3d7b1fecec35dd04571415982c5e48\windows-amd64;C:\Users\Imran Shaikh\.gradle\native\38dada09dfb8b06ba9b0570ebf7e218e3eb74d4ef43ca46872605cf95ebc2f47\windows-amd64

VM Arguments:
jvm_args: --add-opens=java.base/java.util=ALL-UNNAMED --add-opens=java.base/java.lang=ALL-UNNAMED --add-opens=java.base/java.lang.invoke=ALL-UNNAMED --add-opens=java.prefs/java.util.prefs=ALL-UNNAMED --add-opens=java.base/java.nio.charset=ALL-UNNAMED --add-opens=java.base/java.net=ALL-UNNAMED --add-opens=java.base/java.util.concurrent.atomic=ALL-UNNAMED -XX:MaxMetaspaceSize=384m -XX:+HeapDumpOnOutOfMemoryError -Xms256m -Xmx512m -Dfile.encoding=windows-1252 -Duser.country=IN -Duser.language=en -Duser.variant -javaagent:C:\Users\Imran Shaikh\.gradle\wrapper\dists\gradle-8.5-bin\5t9huq95ubn472n8rpzujfbqh\gradle-8.5\lib\agents\gradle-instrumentation-agent-8.5.jar 
java_command: org.gradle.launcher.daemon.bootstrap.GradleDaemon 8.5
java_class_path (initial): C:\Users\Imran Shaikh\.gradle\wrapper\dists\gradle-8.5-bin\5t9huq95ubn472n8rpzujfbqh\gradle-8.5\lib\gradle-launcher-8.5.jar
Launcher Type: SUN_STANDARD

[Global flags]
     intx CICompilerCount                          = 3                                         {product} {ergonomic}
   size_t CompressedClassSpaceSize                 = 335544320                                 {product} {ergonomic}
     uint ConcGCThreads                            = 1                                         {product} {ergonomic}
     uint G1ConcRefinementThreads                  = 4                                         {product} {ergonomic}
   size_t G1HeapRegionSize                         = 1048576                                   {product} {ergonomic}
    uintx GCDrainStackTargetSize                   = 64                                        {product} {ergonomic}
     bool HeapDumpOnOutOfMemoryError               = true                                   {manageable} {command line}
   size_t InitialHeapSize                          = 268435456                                 {product} {command line}
   size_t MarkStackSize                            = 4194304                                   {product} {ergonomic}
   size_t MaxHeapSize                              = 536870912                                 {product} {command line}
   size_t MaxMetaspaceSize                         = 402653184                                 {product} {command line}
   size_t MaxNewSize                               = 321912832                                 {product} {ergonomic}
   size_t MinHeapDeltaBytes                        = 1048576                                   {product} {ergonomic}
   size_t MinHeapSize                              = 268435456                                 {product} {command line}
    uintx NonNMethodCodeHeapSize                   = 5832780                                {pd product} {ergonomic}
    uintx NonProfiledCodeHeapSize                  = 122912730                              {pd product} {ergonomic}
    uintx ProfiledCodeHeapSize                     = 122912730                              {pd product} {ergonomic}
    uintx ReservedCodeCacheSize                    = 251658240                              {pd product} {ergonomic}
     bool SegmentedCodeCache                       = true                                      {product} {ergonomic}
   size_t SoftMaxHeapSize                          = 536870912                              {manageable} {ergonomic}
     bool UseCompressedClassPointers               = true                           {product lp64_product} {ergonomic}
     bool UseCompressedOops                        = true                           {product lp64_product} {ergonomic}
     bool UseG1GC                                  = true                                      {product} {ergonomic}
     bool UseLargePagesIndividualAllocation        = false                                  {pd product} {ergonomic}

Logging:
Log output configuration:
 #0: stdout all=warning uptime,level,tags
 #1: stderr all=off uptime,level,tags

Environment Variables:
JAVA_HOME=C:\Program Files\Java\jdk1.8.0_111
PATH=C:\Program Files\Common Files\Oracle\Java\javapath;C:\Program Files\Python37\Scripts\;C:\Program Files\Python37\;C:\Program Files (x86)\Common Files\Oracle\Java\javapath;C:\Program Files\bin;C:\Program Files (x86)\Intel\iCLS Client\;C:\Program Files\Intel\iCLS Client\;C:\ProgramData\Oracle\Java\javapath;C:\Program Files\Java\jdk1.8.0_111\bin;C:\Program Files (x86)\Intel\Intel(R) Management Engine Components\DAL;C:\Program Files\Intel\Intel(R) Management Engine Components\DAL;C:\Program Files (x86)\Intel\Intel(R) Management Engine Components\IPT;C:\Program Files\Intel\Intel(R) Management Engine Components\IPT;C:\WINDOWS\system32;C:\WINDOWS;C:\WINDOWS\System32\Wbem;C:\WINDOWS\System32\WindowsPowerShell\v1.0\;C:\WINDOWS\System32\OpenSSH\;C:\Program Files\apache-maven-3.6.3\bin;G:\Putty\Putty setup\;G:\project\gdcmlib;C:\Program Files\Java\jdk-17\bin;C:\Program Files\Git\cmd;C:\Users\Imran Shaikh\AppData\Local\Microsoft\WindowsApps;C:\Program Files\Php;;C:\Users\Imran Shaikh\.ebcli-virtual-env\executables;C:\Users\Imran Shaikh\AppData\Local\Programs\Microsoft VS Code\bin
USERNAME=Imran Shaikh
OS=Windows_NT
PROCESSOR_IDENTIFIER=Intel64 Family 6 Model 142 Stepping 9, GenuineIntel



---------------  S Y S T E M  ---------------

OS:
 Windows 10 , 64 bit Build 19041 (10.0.19041.3636)
OS uptime: 4 days 16:39 hours

CPU: total 4 (initial active 4) (2 cores per cpu, 2 threads per core) family 6 model 142 stepping 9 microcode 0xde, cx8, cmov, fxsr, ht, mmx, 3dnowpref, sse, sse2, sse3, ssse3, sse4.1, sse4.2, popcnt, lzcnt, tsc, tscinvbit, avx, avx2, aes, erms, clmul, bmi1, bmi2, adx, fma, vzeroupper, clflush, clflushopt

Memory: 4k page, system-wide physical 8107M (880M free)
TotalPageFile size 8107M (AvailPageFile size 1M)
current process WorkingSet (physical memory assigned to process): 175M, peak: 175M
current process commit charge ("private bytes"): 400M, peak: 401M

vm_info: Java HotSpot(TM) 64-Bit Server VM (17.0.8+9-LTS-211) for windows-amd64 JRE (17.0.8+9-LTS-211), built on Jun 14 2023 10:34:31 by "mach5one" with MS VC++ 17.1 (VS2022)

END.
